#! /usr/local/Cellar/icarus-verilog/10.1.1/bin/vvp
:ivl_version "10.1 (stable)" "(v10_1_1)";
:ivl_delay_selection "TYPICAL";
:vpi_time_precision - 12;
:vpi_module "system";
:vpi_module "vhdl_sys";
:vpi_module "v2005_math";
:vpi_module "va_math";
S_0x7fa502d00390 .scope module, "hw3_tb" "hw3_tb" 2 26;
 .timescale -9 -12;
v0x7fa502e0d7d0_0 .var "clk", 0 0;
v0x7fa502e0d890_0 .var "gps_data_in", 7 0;
v0x7fa502e0d920_0 .var "gps_valid_in", 0 0;
v0x7fa502e0d9d0_0 .var/i "in", 31 0;
v0x7fa502e0da60_0 .var "rain_sensor_in", 0 0;
v0x7fa502e0db30_0 .net "zone_active_out", 0 0, v0x7fa502e0d6b0_0;  1 drivers
E_0x7fa502d0dab0 .event negedge, v0x7fa502e0d320_0;
S_0x7fa502d12610 .scope module, "dut" "hw3_sprinkler" 2 44, 3 23 0, S_0x7fa502d00390;
 .timescale -9 -12;
    .port_info 0 /INPUT 1 "clk"
    .port_info 1 /INPUT 1 "rain_sensor_in"
    .port_info 2 /INPUT 8 "gps_data_in"
    .port_info 3 /INPUT 1 "gps_valid_in"
    .port_info 4 /OUTPUT 1 "zone_active_out"
v0x7fa502d0e250_0 .var "CHAR_CNT", 7 0;
v0x7fa502e0d010_0 .var "DONE", 0 0;
v0x7fa502e0d0c0_0 .var "NMEA", 23 0;
v0x7fa502e0d180_0 .var "STATE", 2 0;
v0x7fa502e0d230_0 .var "TIME", 31 0;
v0x7fa502e0d320_0 .net "clk", 0 0, v0x7fa502e0d7d0_0;  1 drivers
v0x7fa502e0d3c0_0 .var "flag", 0 0;
v0x7fa502e0d460_0 .net "gps_data_in", 7 0, v0x7fa502e0d890_0;  1 drivers
v0x7fa502e0d510_0 .net "gps_valid_in", 0 0, v0x7fa502e0d920_0;  1 drivers
v0x7fa502e0d620_0 .net "rain_sensor_in", 0 0, v0x7fa502e0da60_0;  1 drivers
v0x7fa502e0d6b0_0 .var "zone_active_out", 0 0;
E_0x7fa502d082f0 .event posedge, v0x7fa502e0d320_0;
E_0x7fa502d08710 .event edge, v0x7fa502e0d3c0_0, v0x7fa502e0d620_0;
    .scope S_0x7fa502d12610;
T_0 ;
    %pushi/vec4 0, 0, 8;
    %store/vec4 v0x7fa502d0e250_0, 0, 8;
    %end;
    .thread T_0;
    .scope S_0x7fa502d12610;
T_1 ;
    %pushi/vec4 0, 0, 3;
    %store/vec4 v0x7fa502e0d180_0, 0, 3;
    %end;
    .thread T_1;
    .scope S_0x7fa502d12610;
T_2 ;
    %pushi/vec4 0, 0, 24;
    %store/vec4 v0x7fa502e0d0c0_0, 0, 24;
    %end;
    .thread T_2;
    .scope S_0x7fa502d12610;
T_3 ;
    %pushi/vec4 0, 0, 32;
    %store/vec4 v0x7fa502e0d230_0, 0, 32;
    %end;
    .thread T_3;
    .scope S_0x7fa502d12610;
T_4 ;
    %pushi/vec4 0, 0, 1;
    %store/vec4 v0x7fa502e0d3c0_0, 0, 1;
    %end;
    .thread T_4;
    .scope S_0x7fa502d12610;
T_5 ;
    %wait E_0x7fa502d08710;
    %load/vec4 v0x7fa502e0d3c0_0;
    %flag_set/vec4 8;
    %jmp/0xz  T_5.0, 8;
    %load/vec4 v0x7fa502e0d620_0;
    %inv;
    %store/vec4 v0x7fa502e0d6b0_0, 0, 1;
    %jmp T_5.1;
T_5.0 ;
    %pushi/vec4 0, 0, 1;
    %store/vec4 v0x7fa502e0d6b0_0, 0, 1;
T_5.1 ;
    %jmp T_5;
    .thread T_5, $push;
    .scope S_0x7fa502d12610;
T_6 ;
    %wait E_0x7fa502d082f0;
    %load/vec4 v0x7fa502e0d510_0;
    %flag_set/vec4 8;
    %jmp/0xz  T_6.0, 8;
    %load/vec4 v0x7fa502e0d230_0;
    %parti/s 24, 0, 2;
    %ix/load 4, 8, 0;
    %ix/load 5, 0, 0;
    %flag_set/imm 4, 0;
    %assign/vec4/off/d v0x7fa502e0d230_0, 4, 5;
    %load/vec4 v0x7fa502e0d460_0;
    %ix/load 4, 0, 0;
    %ix/load 5, 0, 0;
    %flag_set/imm 4, 0;
    %assign/vec4/off/d v0x7fa502e0d230_0, 4, 5;
    %load/vec4 v0x7fa502e0d460_0;
    %pushi/vec4 36, 0, 8; draw_string_vec4
    %cmp/e;
    %jmp/0xz  T_6.2, 4;
    %pushi/vec4 0, 0, 8;
    %assign/vec4 v0x7fa502d0e250_0, 0;
    %jmp T_6.3;
T_6.2 ;
    %load/vec4 v0x7fa502d0e250_0;
    %addi 1, 0, 8;
    %assign/vec4 v0x7fa502d0e250_0, 0;
T_6.3 ;
T_6.0 ;
    %jmp T_6;
    .thread T_6;
    .scope S_0x7fa502d12610;
T_7 ;
    %pushi/vec4 0, 0, 1;
    %store/vec4 v0x7fa502e0d010_0, 0, 1;
    %end;
    .thread T_7;
    .scope S_0x7fa502d12610;
T_8 ;
    %wait E_0x7fa502d082f0;
    %load/vec4 v0x7fa502e0d180_0;
    %dup/vec4;
    %pushi/vec4 0, 0, 3;
    %cmp/u;
    %jmp/1 T_8.0, 6;
    %dup/vec4;
    %pushi/vec4 1, 0, 3;
    %cmp/u;
    %jmp/1 T_8.1, 6;
    %dup/vec4;
    %pushi/vec4 2, 0, 3;
    %cmp/u;
    %jmp/1 T_8.2, 6;
    %pushi/vec4 0, 0, 3;
    %assign/vec4 v0x7fa502e0d180_0, 0;
    %jmp T_8.4;
T_8.0 ;
    %load/vec4 v0x7fa502e0d510_0;
    %flag_set/vec4 8;
    %jmp/0xz  T_8.5, 8;
    %load/vec4 v0x7fa502e0d460_0;
    %pushi/vec4 36, 0, 8; draw_string_vec4
    %cmp/e;
    %jmp/0xz  T_8.7, 4;
    %load/vec4 v0x7fa502e0d180_0;
    %addi 1, 0, 3;
    %assign/vec4 v0x7fa502e0d180_0, 0;
T_8.7 ;
T_8.5 ;
    %jmp T_8.4;
T_8.1 ;
    %load/vec4 v0x7fa502e0d510_0;
    %flag_set/vec4 8;
    %jmp/0xz  T_8.9, 8;
    %load/vec4 v0x7fa502e0d460_0;
    %pushi/vec4 44, 0, 8; draw_string_vec4
    %cmp/e;
    %jmp/0xz  T_8.11, 4;
    %load/vec4 v0x7fa502e0d0c0_0;
    %pushi/vec4 4671297, 0, 24; draw_string_vec4
    %cmp/e;
    %jmp/0xz  T_8.13, 4;
    %load/vec4 v0x7fa502e0d180_0;
    %addi 1, 0, 3;
    %assign/vec4 v0x7fa502e0d180_0, 0;
    %jmp T_8.14;
T_8.13 ;
    %load/vec4 v0x7fa502e0d180_0;
    %subi 1, 0, 3;
    %assign/vec4 v0x7fa502e0d180_0, 0;
T_8.14 ;
    %jmp T_8.12;
T_8.11 ;
    %load/vec4 v0x7fa502e0d0c0_0;
    %parti/s 16, 0, 2;
    %ix/load 4, 8, 0;
    %ix/load 5, 0, 0;
    %flag_set/imm 4, 0;
    %assign/vec4/off/d v0x7fa502e0d0c0_0, 4, 5;
    %load/vec4 v0x7fa502e0d460_0;
    %ix/load 4, 0, 0;
    %ix/load 5, 0, 0;
    %flag_set/imm 4, 0;
    %assign/vec4/off/d v0x7fa502e0d0c0_0, 4, 5;
T_8.12 ;
T_8.9 ;
    %jmp T_8.4;
T_8.2 ;
    %load/vec4 v0x7fa502e0d510_0;
    %flag_set/vec4 8;
    %jmp/0xz  T_8.15, 8;
    %load/vec4 v0x7fa502e0d460_0;
    %pad/u 32;
    %cmpi/e 10, 0, 32;
    %jmp/0xz  T_8.17, 4;
    %pushi/vec4 0, 0, 3;
    %assign/vec4 v0x7fa502e0d180_0, 0;
    %jmp T_8.18;
T_8.17 ;
    %load/vec4 v0x7fa502d0e250_0;
    %pad/u 32;
    %cmpi/e 10, 0, 32;
    %jmp/0xz  T_8.19, 4;
    %load/vec4 v0x7fa502e0d180_0;
    %assign/vec4 v0x7fa502e0d180_0, 0;
    %load/vec4 v0x7fa502e0d230_0;
    %parti/s 16, 16, 6;
    %pushi/vec4 12336, 0, 16; draw_string_vec4
    %cmp/e;
    %flag_get/vec4 4;
    %load/vec4 v0x7fa502e0d230_0;
    %parti/s 8, 8, 5;
    %pushi/vec4 49, 0, 8; draw_string_vec4
    %cmp/e;
    %flag_get/vec4 4;
    %load/vec4 v0x7fa502e0d230_0;
    %parti/s 8, 8, 5;
    %pushi/vec4 48, 0, 8; draw_string_vec4
    %cmp/e;
    %flag_get/vec4 4;
    %or;
    %and;
    %flag_set/vec4 8;
    %jmp/0xz  T_8.21, 8;
    %pushi/vec4 1, 0, 1;
    %assign/vec4 v0x7fa502e0d3c0_0, 0;
    %jmp T_8.22;
T_8.21 ;
    %pushi/vec4 0, 0, 1;
    %assign/vec4 v0x7fa502e0d3c0_0, 0;
T_8.22 ;
    %jmp T_8.20;
T_8.19 ;
    %load/vec4 v0x7fa502e0d180_0;
    %assign/vec4 v0x7fa502e0d180_0, 0;
T_8.20 ;
T_8.18 ;
    %jmp T_8.16;
T_8.15 ;
    %load/vec4 v0x7fa502e0d180_0;
    %assign/vec4 v0x7fa502e0d180_0, 0;
T_8.16 ;
    %jmp T_8.4;
T_8.4 ;
    %pop/vec4 1;
    %jmp T_8;
    .thread T_8;
    .scope S_0x7fa502d00390;
T_9 ;
    %delay 1000, 0;
    %load/vec4 v0x7fa502e0d7d0_0;
    %inv;
    %store/vec4 v0x7fa502e0d7d0_0, 0, 1;
    %jmp T_9;
    .thread T_9;
    .scope S_0x7fa502d00390;
T_10 ;
    %pushi/vec4 1, 0, 1;
    %store/vec4 v0x7fa502e0d7d0_0, 0, 1;
    %pushi/vec4 1, 0, 1;
    %store/vec4 v0x7fa502e0d920_0, 0, 1;
    %pushi/vec4 0, 0, 1;
    %store/vec4 v0x7fa502e0da60_0, 0, 1;
    %vpi_func 2 60 "$fopen" 32, "GPS_Serial_data_capture.txt", "r" {0 0 0};
    %store/vec4 v0x7fa502e0d9d0_0, 0, 32;
    %load/vec4 v0x7fa502e0d9d0_0;
    %cmpi/e 0, 0, 32;
    %jmp/0xz  T_10.0, 4;
    %vpi_call 2 63 "$display", "could not read from the specified input file" {0 0 0};
    %vpi_call 2 64 "$finish" {0 0 0};
T_10.0 ;
    %vpi_func 2 66 "$fgetc" 32, v0x7fa502e0d9d0_0 {0 0 0};
    %pad/u 8;
    %store/vec4 v0x7fa502e0d890_0, 0, 8;
    %end;
    .thread T_10;
    .scope S_0x7fa502d00390;
T_11 ;
    %wait E_0x7fa502d0dab0;
    %vpi_func 2 72 "$feof" 32, v0x7fa502e0d9d0_0 {0 0 0};
    %nor/r;
    %flag_set/vec4 8;
    %jmp/0xz  T_11.0, 8;
    %vpi_func 2 73 "$fgetc" 32, v0x7fa502e0d9d0_0 {0 0 0};
    %pad/u 8;
    %assign/vec4 v0x7fa502e0d890_0, 0;
    %jmp T_11.1;
T_11.0 ;
    %vpi_call 2 77 "$fclose", v0x7fa502e0d9d0_0 {0 0 0};
    %vpi_call 2 78 "$stop" {0 0 0};
T_11.1 ;
    %jmp T_11;
    .thread T_11;
# The file index is used to find the file name in the following table.
:file_names 4;
    "N/A";
    "<interactive>";
    "hw3_tb.v";
    "hw3_sprinkler.v";
