Assembler report for hw5
Mon Mar 13 16:22:10 2017
Quartus Prime Version 16.1.1 Build 200 11/30/2016 SJ Lite Edition


---------------------
; Table of Contents ;
---------------------
  1. Legal Notice
  2. Assembler Summary
  3. Assembler Settings
  4. Assembler Generated Files
  5. Assembler Device Options: C:/Users/mayan/Documents/ECE8813A/HW5_902978052/output_files/hw5.sof
  6. Assembler Messages



----------------
; Legal Notice ;
----------------
Copyright (C) 2016  Intel Corporation. All rights reserved.
Your use of Intel Corporation's design tools, logic functions 
and other software and tools, and its AMPP partner logic 
functions, and any output files from any of the foregoing 
(including device programming or simulation files), and any 
associated documentation or information are expressly subject 
to the terms and conditions of the Intel Program License 
Subscription Agreement, the Intel Quartus Prime License Agreement,
the Intel MegaCore Function License Agreement, or other 
applicable license agreement, including, without limitation, 
that your use is for the sole purpose of programming logic 
devices manufactured by Intel and sold by Intel or its 
authorized distributors.  Please refer to the applicable 
agreement for further details.



+---------------------------------------------------------------+
; Assembler Summary                                             ;
+-----------------------+---------------------------------------+
; Assembler Status      ; Successful - Mon Mar 13 16:22:10 2017 ;
; Revision Name         ; hw5                                   ;
; Top-level Entity Name ; hw5_top                               ;
; Family                ; Cyclone V                             ;
; Device                ; 5CGXFC7C7F23C8                        ;
+-----------------------+---------------------------------------+


+----------------------------------+
; Assembler Settings               ;
+--------+---------+---------------+
; Option ; Setting ; Default Value ;
+--------+---------+---------------+


+----------------------------------------------------------------------+
; Assembler Generated Files                                            ;
+----------------------------------------------------------------------+
; File Name                                                            ;
+----------------------------------------------------------------------+
; C:/Users/mayan/Documents/ECE8813A/HW5_902978052/output_files/hw5.sof ;
+----------------------------------------------------------------------+


+------------------------------------------------------------------------------------------------+
; Assembler Device Options: C:/Users/mayan/Documents/ECE8813A/HW5_902978052/output_files/hw5.sof ;
+----------------+-------------------------------------------------------------------------------+
; Option         ; Setting                                                                       ;
+----------------+-------------------------------------------------------------------------------+
; Device         ; 5CGXFC7C7F23C8                                                                ;
; JTAG usercode  ; 0x00ED62E1                                                                    ;
; Checksum       ; 0x00ED62E1                                                                    ;
+----------------+-------------------------------------------------------------------------------+


+--------------------+
; Assembler Messages ;
+--------------------+
Info: *******************************************************************
Info: Running Quartus Prime Assembler
    Info: Version 16.1.1 Build 200 11/30/2016 SJ Lite Edition
    Info: Processing started: Mon Mar 13 16:21:43 2017
Info: Command: quartus_asm --read_settings_files=off --write_settings_files=off hw5 -c hw5
Warning (18236): Number of processors has not been specified which may cause overloading on shared machines.  Set the global assignment NUM_PARALLEL_PROCESSORS in your QSF to an appropriate value for best performance.
Info (115030): Assembler is generating device programming files
Info: Quartus Prime Assembler was successful. 0 errors, 1 warning
    Info: Peak virtual memory: 714 megabytes
    Info: Processing ended: Mon Mar 13 16:22:10 2017
    Info: Elapsed time: 00:00:27
    Info: Total CPU time (on all processors): 00:00:24


