Analysis & Synthesis report for hw5
Thu Mar 09 11:37:39 2017
Quartus Prime Version 16.1.1 Build 200 11/30/2016 SJ Lite Edition


---------------------
; Table of Contents ;
---------------------
  1. Legal Notice
  2. Analysis & Synthesis Summary
  3. Analysis & Synthesis Settings
  4. Parallel Compilation
  5. Analysis & Synthesis Source Files Read
  6. Analysis & Synthesis Resource Usage Summary
  7. Analysis & Synthesis Resource Utilization by Entity
  8. State Machine - |hw5_top|PS
  9. User-Specified and Inferred Latches
 10. Registers Removed During Synthesis
 11. General Register Statistics
 12. Parameter Settings for User Entity Instance: Top-level Entity: |hw5_top
 13. Post-Synthesis Netlist Statistics for Top Partition
 14. Elapsed Time Per Partition
 15. Analysis & Synthesis Messages



----------------
; Legal Notice ;
----------------
Copyright (C) 2016  Intel Corporation. All rights reserved.
Your use of Intel Corporation's design tools, logic functions 
and other software and tools, and its AMPP partner logic 
functions, and any output files from any of the foregoing 
(including device programming or simulation files), and any 
associated documentation or information are expressly subject 
to the terms and conditions of the Intel Program License 
Subscription Agreement, the Intel Quartus Prime License Agreement,
the Intel MegaCore Function License Agreement, or other 
applicable license agreement, including, without limitation, 
that your use is for the sole purpose of programming logic 
devices manufactured by Intel and sold by Intel or its 
authorized distributors.  Please refer to the applicable 
agreement for further details.



+-------------------------------------------------------------------------------+
; Analysis & Synthesis Summary                                                  ;
+---------------------------------+---------------------------------------------+
; Analysis & Synthesis Status     ; Successful - Thu Mar 09 11:37:39 2017       ;
; Quartus Prime Version           ; 16.1.1 Build 200 11/30/2016 SJ Lite Edition ;
; Revision Name                   ; hw5                                         ;
; Top-level Entity Name           ; hw5_top                                     ;
; Family                          ; Cyclone V                                   ;
; Logic utilization (in ALMs)     ; N/A                                         ;
; Total registers                 ; 45                                          ;
; Total pins                      ; 36                                          ;
; Total virtual pins              ; 0                                           ;
; Total block memory bits         ; 0                                           ;
; Total DSP Blocks                ; 0                                           ;
; Total HSSI RX PCSs              ; 0                                           ;
; Total HSSI PMA RX Deserializers ; 0                                           ;
; Total HSSI TX PCSs              ; 0                                           ;
; Total HSSI PMA TX Serializers   ; 0                                           ;
; Total PLLs                      ; 0                                           ;
; Total DLLs                      ; 0                                           ;
+---------------------------------+---------------------------------------------+


+---------------------------------------------------------------------------------------------------------------------------+
; Analysis & Synthesis Settings                                                                                             ;
+---------------------------------------------------------------------------------+--------------------+--------------------+
; Option                                                                          ; Setting            ; Default Value      ;
+---------------------------------------------------------------------------------+--------------------+--------------------+
; Device                                                                          ; 5CGXFC7C7F23C8     ;                    ;
; Top-level entity name                                                           ; hw5_top            ; hw5                ;
; Family name                                                                     ; Cyclone V          ; Cyclone V          ;
; Use smart compilation                                                           ; Off                ; Off                ;
; Enable parallel Assembler and TimeQuest Timing Analyzer during compilation      ; On                 ; On                 ;
; Enable compact report table                                                     ; Off                ; Off                ;
; Restructure Multiplexers                                                        ; Auto               ; Auto               ;
; MLAB Add Timing Constraints For Mixed-Port Feed-Through Mode Setting Don't Care ; Off                ; Off                ;
; Create Debugging Nodes for IP Cores                                             ; Off                ; Off                ;
; Preserve fewer node names                                                       ; On                 ; On                 ;
; OpenCore Plus hardware evaluation                                               ; Enable             ; Enable             ;
; Verilog Version                                                                 ; Verilog_2001       ; Verilog_2001       ;
; VHDL Version                                                                    ; VHDL_1993          ; VHDL_1993          ;
; State Machine Processing                                                        ; Auto               ; Auto               ;
; Safe State Machine                                                              ; Off                ; Off                ;
; Extract Verilog State Machines                                                  ; On                 ; On                 ;
; Extract VHDL State Machines                                                     ; On                 ; On                 ;
; Ignore Verilog initial constructs                                               ; Off                ; Off                ;
; Iteration limit for constant Verilog loops                                      ; 5000               ; 5000               ;
; Iteration limit for non-constant Verilog loops                                  ; 250                ; 250                ;
; Add Pass-Through Logic to Inferred RAMs                                         ; On                 ; On                 ;
; Infer RAMs from Raw Logic                                                       ; On                 ; On                 ;
; Parallel Synthesis                                                              ; On                 ; On                 ;
; DSP Block Balancing                                                             ; Auto               ; Auto               ;
; NOT Gate Push-Back                                                              ; On                 ; On                 ;
; Power-Up Don't Care                                                             ; On                 ; On                 ;
; Remove Redundant Logic Cells                                                    ; Off                ; Off                ;
; Remove Duplicate Registers                                                      ; On                 ; On                 ;
; Ignore CARRY Buffers                                                            ; Off                ; Off                ;
; Ignore CASCADE Buffers                                                          ; Off                ; Off                ;
; Ignore GLOBAL Buffers                                                           ; Off                ; Off                ;
; Ignore ROW GLOBAL Buffers                                                       ; Off                ; Off                ;
; Ignore LCELL Buffers                                                            ; Off                ; Off                ;
; Ignore SOFT Buffers                                                             ; On                 ; On                 ;
; Limit AHDL Integers to 32 Bits                                                  ; Off                ; Off                ;
; Optimization Technique                                                          ; Balanced           ; Balanced           ;
; Carry Chain Length                                                              ; 70                 ; 70                 ;
; Auto Carry Chains                                                               ; On                 ; On                 ;
; Auto Open-Drain Pins                                                            ; On                 ; On                 ;
; Perform WYSIWYG Primitive Resynthesis                                           ; Off                ; Off                ;
; Auto ROM Replacement                                                            ; On                 ; On                 ;
; Auto RAM Replacement                                                            ; On                 ; On                 ;
; Auto DSP Block Replacement                                                      ; On                 ; On                 ;
; Auto Shift Register Replacement                                                 ; Auto               ; Auto               ;
; Allow Shift Register Merging across Hierarchies                                 ; Auto               ; Auto               ;
; Auto Clock Enable Replacement                                                   ; On                 ; On                 ;
; Strict RAM Replacement                                                          ; Off                ; Off                ;
; Allow Synchronous Control Signals                                               ; On                 ; On                 ;
; Force Use of Synchronous Clear Signals                                          ; Off                ; Off                ;
; Auto Resource Sharing                                                           ; Off                ; Off                ;
; Allow Any RAM Size For Recognition                                              ; Off                ; Off                ;
; Allow Any ROM Size For Recognition                                              ; Off                ; Off                ;
; Allow Any Shift Register Size For Recognition                                   ; Off                ; Off                ;
; Use LogicLock Constraints during Resource Balancing                             ; On                 ; On                 ;
; Ignore translate_off and synthesis_off directives                               ; Off                ; Off                ;
; Timing-Driven Synthesis                                                         ; On                 ; On                 ;
; Report Parameter Settings                                                       ; On                 ; On                 ;
; Report Source Assignments                                                       ; On                 ; On                 ;
; Report Connectivity Checks                                                      ; On                 ; On                 ;
; Ignore Maximum Fan-Out Assignments                                              ; Off                ; Off                ;
; Synchronization Register Chain Length                                           ; 3                  ; 3                  ;
; PowerPlay Power Optimization During Synthesis                                   ; Normal compilation ; Normal compilation ;
; HDL message level                                                               ; Level2             ; Level2             ;
; Suppress Register Optimization Related Messages                                 ; Off                ; Off                ;
; Number of Removed Registers Reported in Synthesis Report                        ; 5000               ; 5000               ;
; Number of Swept Nodes Reported in Synthesis Report                              ; 5000               ; 5000               ;
; Number of Inverted Registers Reported in Synthesis Report                       ; 100                ; 100                ;
; Clock MUX Protection                                                            ; On                 ; On                 ;
; Auto Gated Clock Conversion                                                     ; Off                ; Off                ;
; Block Design Naming                                                             ; Auto               ; Auto               ;
; SDC constraint protection                                                       ; Off                ; Off                ;
; Synthesis Effort                                                                ; Auto               ; Auto               ;
; Shift Register Replacement - Allow Asynchronous Clear Signal                    ; On                 ; On                 ;
; Pre-Mapping Resynthesis Optimization                                            ; Off                ; Off                ;
; Analysis & Synthesis Message Level                                              ; Medium             ; Medium             ;
; Disable Register Merging Across Hierarchies                                     ; Auto               ; Auto               ;
; Resource Aware Inference For Block RAM                                          ; On                 ; On                 ;
; Automatic Parallel Synthesis                                                    ; On                 ; On                 ;
; Partial Reconfiguration Bitstream ID                                            ; Off                ; Off                ;
+---------------------------------------------------------------------------------+--------------------+--------------------+


+------------------------------------------+
; Parallel Compilation                     ;
+----------------------------+-------------+
; Processors                 ; Number      ;
+----------------------------+-------------+
; Number detected on machine ; 8           ;
; Maximum allowed            ; 4           ;
;                            ;             ;
; Average used               ; 1.00        ;
; Maximum used               ; 4           ;
;                            ;             ;
; Usage by Processor         ; % Time Used ;
;     Processor 1            ; 100.0%      ;
;     Processors 2-4         ;   0.0%      ;
+----------------------------+-------------+


+-----------------------------------------------------------------------------------------------------------------------------------------+
; Analysis & Synthesis Source Files Read                                                                                                  ;
+----------------------------------+-----------------+------------------------+-------------------------------------------------+---------+
; File Name with User-Entered Path ; Used in Netlist ; File Type              ; File Name with Absolute Path                    ; Library ;
+----------------------------------+-----------------+------------------------+-------------------------------------------------+---------+
; hw5_top.v                        ; yes             ; User Verilog HDL File  ; C:/Users/mayan/Documents/ECE8813A/HW5/hw5_top.v ;         ;
+----------------------------------+-----------------+------------------------+-------------------------------------------------+---------+


+---------------------------------------------------------+
; Analysis & Synthesis Resource Usage Summary             ;
+---------------------------------------------+-----------+
; Resource                                    ; Usage     ;
+---------------------------------------------+-----------+
; Estimate of Logic utilization (ALMs needed) ; 40        ;
;                                             ;           ;
; Combinational ALUT usage for logic          ; 70        ;
;     -- 7 input functions                    ; 0         ;
;     -- 6 input functions                    ; 9         ;
;     -- 5 input functions                    ; 16        ;
;     -- 4 input functions                    ; 6         ;
;     -- <=3 input functions                  ; 39        ;
;                                             ;           ;
; Dedicated logic registers                   ; 45        ;
;                                             ;           ;
; I/O pins                                    ; 36        ;
;                                             ;           ;
; Total DSP Blocks                            ; 0         ;
;                                             ;           ;
; Maximum fan-out node                        ; clk~input ;
; Maximum fan-out                             ; 45        ;
; Total fan-out                               ; 406       ;
; Average fan-out                             ; 2.17      ;
+---------------------------------------------+-----------+


+----------------------------------------------------------------------------------------------------------------------------------------------------------------------------------------+
; Analysis & Synthesis Resource Utilization by Entity                                                                                                                                    ;
+----------------------------+---------------------+---------------------------+-------------------+------------+------+--------------+---------------------+-------------+--------------+
; Compilation Hierarchy Node ; Combinational ALUTs ; Dedicated Logic Registers ; Block Memory Bits ; DSP Blocks ; Pins ; Virtual Pins ; Full Hierarchy Name ; Entity Name ; Library Name ;
+----------------------------+---------------------+---------------------------+-------------------+------------+------+--------------+---------------------+-------------+--------------+
; |hw5_top                   ; 70 (70)             ; 45 (45)                   ; 0                 ; 0          ; 36   ; 0            ; |hw5_top            ; hw5_top     ; work         ;
+----------------------------+---------------------+---------------------------+-------------------+------------+------+--------------+---------------------+-------------+--------------+
Note: For table entries with two numbers listed, the numbers in parentheses indicate the number of resources of the given type used by the specific entity alone. The numbers listed outside of parentheses indicate the total resources of the given type used by the specific entity and all of its sub-entities in the hierarchy.


Encoding Type:  One-Hot
+------------------------------------------------------------------------------------------------------------------------------+
; State Machine - |hw5_top|PS                                                                                                  ;
+------------------+----------+------------+--------------+----------+------------------+----------+------------------+--------+
; Name             ; PS.HS_FP ; PS.FILL_IN ; PS.VALID_OUT ; PS.HS_BP ; PS.HS_SYNC_PULSE ; PS.VS_BP ; PS.VS_SYNC_PULSE ; PS.000 ;
+------------------+----------+------------+--------------+----------+------------------+----------+------------------+--------+
; PS.000           ; 0        ; 0          ; 0            ; 0        ; 0                ; 0        ; 0                ; 0      ;
; PS.VS_SYNC_PULSE ; 0        ; 0          ; 0            ; 0        ; 0                ; 0        ; 1                ; 1      ;
; PS.VS_BP         ; 0        ; 0          ; 0            ; 0        ; 0                ; 1        ; 0                ; 1      ;
; PS.HS_SYNC_PULSE ; 0        ; 0          ; 0            ; 0        ; 1                ; 0        ; 0                ; 1      ;
; PS.HS_BP         ; 0        ; 0          ; 0            ; 1        ; 0                ; 0        ; 0                ; 1      ;
; PS.VALID_OUT     ; 0        ; 0          ; 1            ; 0        ; 0                ; 0        ; 0                ; 1      ;
; PS.FILL_IN       ; 0        ; 1          ; 0            ; 0        ; 0                ; 0        ; 0                ; 1      ;
; PS.HS_FP         ; 1        ; 0          ; 0            ; 0        ; 0                ; 0        ; 0                ; 1      ;
+------------------+----------+------------+--------------+----------+------------------+----------+------------------+--------+


+---------------------------------------------------------------------------------------------------+
; User-Specified and Inferred Latches                                                               ;
+----------------------------------------------------+---------------------+------------------------+
; Latch Name                                         ; Latch Enable Signal ; Free of Timing Hazards ;
+----------------------------------------------------+---------------------+------------------------+
; VS_BP_CNTR[0]                                      ; VS_BP_CNTR[1]       ; yes                    ;
; VS_BP_CNTR[1]                                      ; VS_BP_CNTR[1]       ; yes                    ;
; VS_BP_CNTR[2]                                      ; VS_BP_CNTR[1]       ; yes                    ;
; VS_BP_CNTR[3]                                      ; VS_BP_CNTR[1]       ; yes                    ;
; VS_BP_CNTR[4]                                      ; VS_BP_CNTR[1]       ; yes                    ;
; Number of user-specified and inferred latches = 5  ;                     ;                        ;
+----------------------------------------------------+---------------------+------------------------+
Note: All latches listed above may not be present at the end of synthesis due to various synthesis optimizations.


+------------------------------------------------------------+
; Registers Removed During Synthesis                         ;
+---------------------------------------+--------------------+
; Register name                         ; Reason for Removal ;
+---------------------------------------+--------------------+
; PS~2                                  ; Lost fanout        ;
; PS~3                                  ; Lost fanout        ;
; PS~4                                  ; Lost fanout        ;
; Total Number of Removed Registers = 3 ;                    ;
+---------------------------------------+--------------------+


+------------------------------------------------------+
; General Register Statistics                          ;
+----------------------------------------------+-------+
; Statistic                                    ; Value ;
+----------------------------------------------+-------+
; Total registers                              ; 45    ;
; Number of registers using Synchronous Clear  ; 29    ;
; Number of registers using Synchronous Load   ; 0     ;
; Number of registers using Asynchronous Clear ; 0     ;
; Number of registers using Asynchronous Load  ; 0     ;
; Number of registers using Clock Enable       ; 0     ;
; Number of registers using Preset             ; 0     ;
+----------------------------------------------+-------+


+-------------------------------------------------------------------------+
; Parameter Settings for User Entity Instance: Top-level Entity: |hw5_top ;
+----------------+-------+------------------------------------------------+
; Parameter Name ; Value ; Type                                           ;
+----------------+-------+------------------------------------------------+
; VS_BP_CNT      ; 23    ; Signed Integer                                 ;
; HS_FP_CNT      ; 40    ; Signed Integer                                 ;
; HS_BP_CNT      ; 88    ; Signed Integer                                 ;
; IM_DIM         ; 512   ; Signed Integer                                 ;
; VGA_ROW        ; 800   ; Signed Integer                                 ;
; rows           ; 512   ; Signed Integer                                 ;
; cols           ; 512   ; Signed Integer                                 ;
; FILL_IN_CNT    ; 288   ; Signed Integer                                 ;
; START_ST       ; 0     ; Signed Integer                                 ;
; VS_SYNC_PULSE  ; 1     ; Signed Integer                                 ;
; VS_BP          ; 2     ; Signed Integer                                 ;
; HS_SYNC_PULSE  ; 3     ; Signed Integer                                 ;
; HS_BP          ; 4     ; Signed Integer                                 ;
; VALID_OUT      ; 5     ; Signed Integer                                 ;
; FILL_IN        ; 6     ; Signed Integer                                 ;
; HS_FP          ; 7     ; Signed Integer                                 ;
+----------------+-------+------------------------------------------------+
Note: In order to hide this table in the UI and the text report file, please set the "Show Parameter Settings in Synthesis Report" option in "Analysis and Synthesis Settings -> More Settings" to "Off".


+-----------------------------------------------------+
; Post-Synthesis Netlist Statistics for Top Partition ;
+-----------------------+-----------------------------+
; Type                  ; Count                       ;
+-----------------------+-----------------------------+
; arriav_ff             ; 45                          ;
;     SCLR              ; 29                          ;
;     plain             ; 16                          ;
; arriav_lcell_comb     ; 70                          ;
;     arith             ; 26                          ;
;         1 data inputs ; 26                          ;
;     normal            ; 44                          ;
;         2 data inputs ; 4                           ;
;         3 data inputs ; 9                           ;
;         4 data inputs ; 6                           ;
;         5 data inputs ; 16                          ;
;         6 data inputs ; 9                           ;
; boundary_port         ; 36                          ;
;                       ;                             ;
; Max LUT depth         ; 3.40                        ;
; Average LUT depth     ; 2.25                        ;
+-----------------------+-----------------------------+


+-------------------------------+
; Elapsed Time Per Partition    ;
+----------------+--------------+
; Partition Name ; Elapsed Time ;
+----------------+--------------+
; Top            ; 00:00:01     ;
+----------------+--------------+


+-------------------------------+
; Analysis & Synthesis Messages ;
+-------------------------------+
Info: *******************************************************************
Info: Running Quartus Prime Analysis & Synthesis
    Info: Version 16.1.1 Build 200 11/30/2016 SJ Lite Edition
    Info: Processing started: Thu Mar 09 11:37:12 2017
Info: Command: quartus_map --read_settings_files=on --write_settings_files=off hw5 -c hw5
Warning (18236): Number of processors has not been specified which may cause overloading on shared machines.  Set the global assignment NUM_PARALLEL_PROCESSORS in your QSF to an appropriate value for best performance.
Info (20030): Parallel compilation is enabled and will use 4 of the 4 processors detected
Info (12021): Found 1 design units, including 1 entities, in source file hw5_top.v
    Info (12023): Found entity 1: hw5_top File: C:/Users/mayan/Documents/ECE8813A/HW5/hw5_top.v Line: 22
Info (12127): Elaborating entity "hw5_top" for the top level hierarchy
Warning (10036): Verilog HDL or VHDL warning at hw5_top.v(52): object "VGA_ROW_CNTR" assigned a value but never read File: C:/Users/mayan/Documents/ECE8813A/HW5/hw5_top.v Line: 52
Warning (10036): Verilog HDL or VHDL warning at hw5_top.v(54): object "GP_CNTR" assigned a value but never read File: C:/Users/mayan/Documents/ECE8813A/HW5/hw5_top.v Line: 54
Warning (10230): Verilog HDL assignment warning at hw5_top.v(100): truncated value with size 32 to match size of target (7) File: C:/Users/mayan/Documents/ECE8813A/HW5/hw5_top.v Line: 100
Warning (10230): Verilog HDL assignment warning at hw5_top.v(112): truncated value with size 32 to match size of target (10) File: C:/Users/mayan/Documents/ECE8813A/HW5/hw5_top.v Line: 112
Warning (10230): Verilog HDL assignment warning at hw5_top.v(124): truncated value with size 32 to match size of target (9) File: C:/Users/mayan/Documents/ECE8813A/HW5/hw5_top.v Line: 124
Warning (10230): Verilog HDL assignment warning at hw5_top.v(136): truncated value with size 32 to match size of target (6) File: C:/Users/mayan/Documents/ECE8813A/HW5/hw5_top.v Line: 136
Warning (10230): Verilog HDL assignment warning at hw5_top.v(180): truncated value with size 32 to match size of target (5) File: C:/Users/mayan/Documents/ECE8813A/HW5/hw5_top.v Line: 180
Warning (10240): Verilog HDL Always Construct warning at hw5_top.v(159): inferring latch(es) for variable "VS_BP_CNTR", which holds its previous value in one or more paths through the always construct File: C:/Users/mayan/Documents/ECE8813A/HW5/hw5_top.v Line: 159
Info (10041): Inferred latch for "VS_BP_CNTR[0]" at hw5_top.v(159) File: C:/Users/mayan/Documents/ECE8813A/HW5/hw5_top.v Line: 159
Info (10041): Inferred latch for "VS_BP_CNTR[1]" at hw5_top.v(159) File: C:/Users/mayan/Documents/ECE8813A/HW5/hw5_top.v Line: 159
Info (10041): Inferred latch for "VS_BP_CNTR[2]" at hw5_top.v(159) File: C:/Users/mayan/Documents/ECE8813A/HW5/hw5_top.v Line: 159
Info (10041): Inferred latch for "VS_BP_CNTR[3]" at hw5_top.v(159) File: C:/Users/mayan/Documents/ECE8813A/HW5/hw5_top.v Line: 159
Info (10041): Inferred latch for "VS_BP_CNTR[4]" at hw5_top.v(159) File: C:/Users/mayan/Documents/ECE8813A/HW5/hw5_top.v Line: 159
Warning (13012): Latch VS_BP_CNTR[0] has unsafe behavior File: C:/Users/mayan/Documents/ECE8813A/HW5/hw5_top.v Line: 159
    Warning (13013): Ports D and ENA on the latch are fed by the same signal VS_BP_CNTR[0] File: C:/Users/mayan/Documents/ECE8813A/HW5/hw5_top.v Line: 159
Warning (13012): Latch VS_BP_CNTR[1] has unsafe behavior File: C:/Users/mayan/Documents/ECE8813A/HW5/hw5_top.v Line: 159
    Warning (13013): Ports D and ENA on the latch are fed by the same signal VS_BP_CNTR[1] File: C:/Users/mayan/Documents/ECE8813A/HW5/hw5_top.v Line: 159
Warning (13012): Latch VS_BP_CNTR[2] has unsafe behavior File: C:/Users/mayan/Documents/ECE8813A/HW5/hw5_top.v Line: 159
    Warning (13013): Ports D and ENA on the latch are fed by the same signal VS_BP_CNTR[2] File: C:/Users/mayan/Documents/ECE8813A/HW5/hw5_top.v Line: 159
Warning (13012): Latch VS_BP_CNTR[3] has unsafe behavior File: C:/Users/mayan/Documents/ECE8813A/HW5/hw5_top.v Line: 159
    Warning (13013): Ports D and ENA on the latch are fed by the same signal VS_BP_CNTR[3] File: C:/Users/mayan/Documents/ECE8813A/HW5/hw5_top.v Line: 159
Warning (13012): Latch VS_BP_CNTR[4] has unsafe behavior File: C:/Users/mayan/Documents/ECE8813A/HW5/hw5_top.v Line: 159
    Warning (13013): Ports D and ENA on the latch are fed by the same signal VS_BP_CNTR[4] File: C:/Users/mayan/Documents/ECE8813A/HW5/hw5_top.v Line: 159
Info (286030): Timing-Driven Synthesis is running
Info (17049): 3 registers lost all their fanouts during netlist optimizations.
Info (16010): Generating hard_block partition "hard_block:auto_generated_inst"
    Info (16011): Adding 0 node(s), including 0 DDIO, 0 PLL, 0 transceiver and 0 LCELL
Warning (21074): Design contains 16 input pin(s) that do not drive logic
    Warning (15610): No output dependent on input pin "G[0]" File: C:/Users/mayan/Documents/ECE8813A/HW5/hw5_top.v Line: 35
    Warning (15610): No output dependent on input pin "G[1]" File: C:/Users/mayan/Documents/ECE8813A/HW5/hw5_top.v Line: 35
    Warning (15610): No output dependent on input pin "G[2]" File: C:/Users/mayan/Documents/ECE8813A/HW5/hw5_top.v Line: 35
    Warning (15610): No output dependent on input pin "G[3]" File: C:/Users/mayan/Documents/ECE8813A/HW5/hw5_top.v Line: 35
    Warning (15610): No output dependent on input pin "G[4]" File: C:/Users/mayan/Documents/ECE8813A/HW5/hw5_top.v Line: 35
    Warning (15610): No output dependent on input pin "G[5]" File: C:/Users/mayan/Documents/ECE8813A/HW5/hw5_top.v Line: 35
    Warning (15610): No output dependent on input pin "G[6]" File: C:/Users/mayan/Documents/ECE8813A/HW5/hw5_top.v Line: 35
    Warning (15610): No output dependent on input pin "G[7]" File: C:/Users/mayan/Documents/ECE8813A/HW5/hw5_top.v Line: 35
    Warning (15610): No output dependent on input pin "B[0]" File: C:/Users/mayan/Documents/ECE8813A/HW5/hw5_top.v Line: 35
    Warning (15610): No output dependent on input pin "B[1]" File: C:/Users/mayan/Documents/ECE8813A/HW5/hw5_top.v Line: 35
    Warning (15610): No output dependent on input pin "B[2]" File: C:/Users/mayan/Documents/ECE8813A/HW5/hw5_top.v Line: 35
    Warning (15610): No output dependent on input pin "B[3]" File: C:/Users/mayan/Documents/ECE8813A/HW5/hw5_top.v Line: 35
    Warning (15610): No output dependent on input pin "B[4]" File: C:/Users/mayan/Documents/ECE8813A/HW5/hw5_top.v Line: 35
    Warning (15610): No output dependent on input pin "B[5]" File: C:/Users/mayan/Documents/ECE8813A/HW5/hw5_top.v Line: 35
    Warning (15610): No output dependent on input pin "B[6]" File: C:/Users/mayan/Documents/ECE8813A/HW5/hw5_top.v Line: 35
    Warning (15610): No output dependent on input pin "B[7]" File: C:/Users/mayan/Documents/ECE8813A/HW5/hw5_top.v Line: 35
Info (21057): Implemented 136 device resources after synthesis - the final resource count might be different
    Info (21058): Implemented 27 input pins
    Info (21059): Implemented 9 output pins
    Info (21061): Implemented 100 logic cells
Info: Quartus Prime Analysis & Synthesis was successful. 0 errors, 36 warnings
    Info: Peak virtual memory: 712 megabytes
    Info: Processing ended: Thu Mar 09 11:37:39 2017
    Info: Elapsed time: 00:00:27
    Info: Total CPU time (on all processors): 00:01:07


