#! /usr/local/Cellar/icarus-verilog/10.1.1/bin/vvp
:ivl_version "10.1 (stable)" "(v10_1_1)";
:ivl_delay_selection "TYPICAL";
:vpi_time_precision - 12;
:vpi_module "system";
:vpi_module "vhdl_sys";
:vpi_module "v2005_math";
:vpi_module "va_math";
S_0x7ff8274034d0 .scope module, "hw4_tb" "hw4_tb" 2 22;
 .timescale -9 -12;
v0x7ff827452a90_0 .var/i "GPS_file", 31 0;
v0x7ff827452b20_0 .net *"_s0", 31 0, L_0x7ff827453a40;  1 drivers
L_0x10ddd4008 .functor BUFT 1, C4<0000000000000000000000000000>, C4<0>, C4<0>, C4<0>;
v0x7ff827452bb0_0 .net *"_s3", 27 0, L_0x10ddd4008;  1 drivers
L_0x10ddd4050 .functor BUFT 1, C4<00000000000000000000000000000000>, C4<0>, C4<0>, C4<0>;
v0x7ff827452c40_0 .net/2u *"_s4", 31 0, L_0x10ddd4050;  1 drivers
v0x7ff827452cd0_0 .var "clk", 0 0;
v0x7ff827452de0 .array "curr_time", 0 5, 7 0;
v0x7ff827452ec0_0 .var "data_out_valid_counter", 3 0;
v0x7ff827452f70_0 .net "error_out", 0 0, v0x7ff827452080_0;  1 drivers
v0x7ff827453000_0 .var "gps_data_in", 7 0;
v0x7ff827453110_0 .net "gps_data_out_ascii", 7 0, v0x7ff8274516f0_0;  1 drivers
v0x7ff8274531b0_0 .net "gps_data_out_valid", 0 0, v0x7ff8274517a0_0;  1 drivers
v0x7ff827453260_0 .var "gps_valid_in", 0 0;
v0x7ff827453330_0 .var/i "i", 31 0;
v0x7ff8274533c0_0 .var/i "program_file", 31 0;
v0x7ff827453470_0 .var "program_time_in", 31 0;
v0x7ff827453510_0 .var "program_valid_in", 0 0;
v0x7ff8274535c0_0 .var "program_zone_in", 4 0;
v0x7ff827453770_0 .var/i "r", 31 0;
v0x7ff827453800_0 .var "rain_sensor_in", 0 0;
v0x7ff827453890_0 .var/i "result_file", 31 0;
v0x7ff827453920_0 .net "time_reg_valid", 0 0, L_0x7ff827453bf0;  1 drivers
v0x7ff8274539b0_0 .net "zone_active_out", 9 0, v0x7ff827452760_0;  1 drivers
E_0x7ff82743cd20 .event edge, v0x7ff827453920_0;
E_0x7ff82743b340 .event edge, v0x7ff827452430_0, v0x7ff827452560_0;
v0x7ff827452de0_0 .array/port v0x7ff827452de0, 0;
v0x7ff827452de0_1 .array/port v0x7ff827452de0, 1;
v0x7ff827452de0_2 .array/port v0x7ff827452de0, 2;
E_0x7ff82743e450/0 .event edge, v0x7ff827453920_0, v0x7ff827452de0_0, v0x7ff827452de0_1, v0x7ff827452de0_2;
v0x7ff827452de0_3 .array/port v0x7ff827452de0, 3;
v0x7ff827452de0_4 .array/port v0x7ff827452de0, 4;
v0x7ff827452de0_5 .array/port v0x7ff827452de0, 5;
E_0x7ff82743e450/1 .event edge, v0x7ff827452de0_3, v0x7ff827452de0_4, v0x7ff827452de0_5;
E_0x7ff82743e450 .event/or E_0x7ff82743e450/0, E_0x7ff82743e450/1;
L_0x7ff827453a40 .concat [ 4 28 0 0], v0x7ff827452ec0_0, L_0x10ddd4008;
L_0x7ff827453bf0 .cmp/eq 32, L_0x7ff827453a40, L_0x10ddd4050;
S_0x7ff82741ba60 .scope module, "serial_uut" "serial_gps_mine" 2 118, 3 24 0, S_0x7ff8274034d0;
 .timescale -9 -12;
    .port_info 0 /INPUT 1 "CLK"
    .port_info 1 /INPUT 1 "RxD_data_in_ready"
    .port_info 2 /INPUT 8 "RxD_data_in"
    .port_info 3 /OUTPUT 8 "data_out"
    .port_info 4 /OUTPUT 1 "data_out_valid"
v0x7ff82743e140_0 .var "CHAR_CNT", 7 0;
v0x7ff8274512b0_0 .net "CLK", 0 0, v0x7ff827452cd0_0;  1 drivers
v0x7ff827451350_0 .var "DONE", 0 0;
v0x7ff827451400_0 .var "NMEA", 23 0;
v0x7ff8274514b0_0 .net "RxD_data_in", 7 0, v0x7ff827453000_0;  1 drivers
v0x7ff8274515a0_0 .net "RxD_data_in_ready", 0 0, v0x7ff827453260_0;  1 drivers
v0x7ff827451640_0 .var "STATE", 2 0;
v0x7ff8274516f0_0 .var "data_out", 7 0;
v0x7ff8274517a0_0 .var "data_out_valid", 0 0;
E_0x7ff82743f810 .event posedge, v0x7ff8274512b0_0;
S_0x7ff827451920 .scope module, "uut" "hw4_sprinkler" 2 101, 4 22 0, S_0x7ff8274034d0;
 .timescale -9 -12;
    .port_info 0 /INPUT 1 "clk"
    .port_info 1 /INPUT 1 "rain_sensor_in"
    .port_info 2 /INPUT 8 "gps_data_in"
    .port_info 3 /INPUT 1 "gps_valid_in"
    .port_info 4 /INPUT 5 "program_zone_in"
    .port_info 5 /INPUT 32 "program_time_in"
    .port_info 6 /INPUT 1 "program_valid_in"
    .port_info 7 /OUTPUT 10 "zone_active_out"
    .port_info 8 /OUTPUT 1 "error_out"
v0x7ff827451c30_0 .var "CHAR_CNT", 7 0;
v0x7ff827451cf0_0 .var "NMEA", 23 0;
v0x7ff827451da0_0 .var "STATE", 3 0;
v0x7ff827451e60_0 .var "TIME", 31 0;
v0x7ff827451f10_0 .net "clk", 0 0, v0x7ff827452cd0_0;  alias, 1 drivers
v0x7ff827451fe0_0 .var "cnt", 9 0;
v0x7ff827452080_0 .var "error_out", 0 0;
v0x7ff827452120_0 .net "gps_data_in", 7 0, v0x7ff827453000_0;  alias, 1 drivers
v0x7ff8274521e0_0 .net "gps_valid_in", 0 0, v0x7ff827453260_0;  alias, 1 drivers
v0x7ff827452310_0 .var "in_zone", 9 0;
v0x7ff8274523a0_0 .var "ones", 3 0;
v0x7ff827452430_0 .net "program_time_in", 31 0, v0x7ff827453470_0;  1 drivers
v0x7ff8274524c0_0 .net "program_valid_in", 0 0, v0x7ff827453510_0;  1 drivers
v0x7ff827452560_0 .net "program_zone_in", 4 0, v0x7ff8274535c0_0;  1 drivers
v0x7ff827452610_0 .net "rain_sensor_in", 0 0, v0x7ff827453800_0;  1 drivers
v0x7ff8274526b0_0 .var "tmp_zone_active_out", 9 0;
v0x7ff827452760_0 .var "zone_active_out", 9 0;
v0x7ff827452910 .array "zone_time", 19 0, 31 0;
E_0x7ff82743e500 .event edge, v0x7ff827452610_0, v0x7ff8274526b0_0, v0x7ff8274523a0_0;
E_0x7ff827451c00 .event negedge, v0x7ff8274512b0_0;
    .scope S_0x7ff827451920;
T_0 ;
    %pushi/vec4 0, 0, 10;
    %store/vec4 v0x7ff827452760_0, 0, 10;
    %end;
    .thread T_0;
    .scope S_0x7ff827451920;
T_1 ;
    %pushi/vec4 0, 0, 1;
    %store/vec4 v0x7ff827452080_0, 0, 1;
    %end;
    .thread T_1;
    .scope S_0x7ff827451920;
T_2 ;
    %pushi/vec4 0, 0, 10;
    %store/vec4 v0x7ff827451fe0_0, 0, 10;
    %end;
    .thread T_2;
    .scope S_0x7ff827451920;
T_3 ;
    %pushi/vec4 0, 0, 8;
    %store/vec4 v0x7ff827451c30_0, 0, 8;
    %end;
    .thread T_3;
    .scope S_0x7ff827451920;
T_4 ;
    %pushi/vec4 0, 0, 4;
    %store/vec4 v0x7ff827451da0_0, 0, 4;
    %end;
    .thread T_4;
    .scope S_0x7ff827451920;
T_5 ;
    %pushi/vec4 0, 0, 32;
    %store/vec4 v0x7ff827451e60_0, 0, 32;
    %end;
    .thread T_5;
    .scope S_0x7ff827451920;
T_6 ;
    %pushi/vec4 0, 0, 24;
    %store/vec4 v0x7ff827451cf0_0, 0, 24;
    %end;
    .thread T_6;
    .scope S_0x7ff827451920;
T_7 ;
    %pushi/vec4 0, 0, 10;
    %store/vec4 v0x7ff827452310_0, 0, 10;
    %end;
    .thread T_7;
    .scope S_0x7ff827451920;
T_8 ;
    %pushi/vec4 0, 0, 4;
    %store/vec4 v0x7ff8274523a0_0, 0, 4;
    %end;
    .thread T_8;
    .scope S_0x7ff827451920;
T_9 ;
    %pushi/vec4 0, 0, 10;
    %store/vec4 v0x7ff8274526b0_0, 0, 10;
    %end;
    .thread T_9;
    .scope S_0x7ff827451920;
T_10 ;
    %wait E_0x7ff827451c00;
    %load/vec4 v0x7ff8274521e0_0;
    %flag_set/vec4 8;
    %jmp/0xz  T_10.0, 8;
    %load/vec4 v0x7ff827451e60_0;
    %parti/s 24, 0, 2;
    %ix/load 4, 8, 0;
    %ix/load 5, 0, 0;
    %flag_set/imm 4, 0;
    %assign/vec4/off/d v0x7ff827451e60_0, 4, 5;
    %load/vec4 v0x7ff827452120_0;
    %ix/load 4, 0, 0;
    %ix/load 5, 0, 0;
    %flag_set/imm 4, 0;
    %assign/vec4/off/d v0x7ff827451e60_0, 4, 5;
    %load/vec4 v0x7ff827452120_0;
    %pushi/vec4 36, 0, 8; draw_string_vec4
    %cmp/e;
    %jmp/0xz  T_10.2, 4;
    %pushi/vec4 0, 0, 8;
    %assign/vec4 v0x7ff827451c30_0, 0;
    %jmp T_10.3;
T_10.2 ;
    %load/vec4 v0x7ff827451c30_0;
    %addi 1, 0, 8;
    %assign/vec4 v0x7ff827451c30_0, 0;
T_10.3 ;
T_10.0 ;
    %jmp T_10;
    .thread T_10;
    .scope S_0x7ff827451920;
T_11 ;
    %wait E_0x7ff827451c00;
    %load/vec4 v0x7ff827451da0_0;
    %dup/vec4;
    %pushi/vec4 0, 0, 4;
    %cmp/u;
    %jmp/1 T_11.0, 6;
    %dup/vec4;
    %pushi/vec4 1, 0, 4;
    %cmp/u;
    %jmp/1 T_11.1, 6;
    %dup/vec4;
    %pushi/vec4 2, 0, 4;
    %cmp/u;
    %jmp/1 T_11.2, 6;
    %dup/vec4;
    %pushi/vec4 3, 0, 4;
    %cmp/u;
    %jmp/1 T_11.3, 6;
    %dup/vec4;
    %pushi/vec4 4, 0, 4;
    %cmp/u;
    %jmp/1 T_11.4, 6;
    %pushi/vec4 1, 0, 4;
    %assign/vec4 v0x7ff827451da0_0, 0;
    %jmp T_11.6;
T_11.0 ;
    %load/vec4 v0x7ff8274524c0_0;
    %pad/u 32;
    %pushi/vec4 0, 0, 32;
    %cmp/e;
    %flag_get/vec4 4;
    %load/vec4 v0x7ff827451fe0_0;
    %pad/u 32;
    %pushi/vec4 0, 0, 32;
    %cmp/e;
    %flag_get/vec4 4;
    %and;
    %flag_set/vec4 8;
    %jmp/0xz  T_11.7, 8;
    %load/vec4 v0x7ff827451da0_0;
    %assign/vec4 v0x7ff827451da0_0, 0;
    %jmp T_11.8;
T_11.7 ;
    %load/vec4 v0x7ff8274524c0_0;
    %flag_set/vec4 8;
    %jmp/0xz  T_11.9, 8;
    %load/vec4 v0x7ff827452430_0;
    %ix/getv 3, v0x7ff827451fe0_0;
    %ix/load 4, 0, 0; Constant delay
    %assign/vec4/a/d v0x7ff827452910, 0, 4;
    %load/vec4 v0x7ff827451fe0_0;
    %addi 1, 0, 10;
    %assign/vec4 v0x7ff827451fe0_0, 0;
    %jmp T_11.10;
T_11.9 ;
    %load/vec4 v0x7ff827451da0_0;
    %addi 1, 0, 4;
    %assign/vec4 v0x7ff827451da0_0, 0;
T_11.10 ;
T_11.8 ;
    %jmp T_11.6;
T_11.1 ;
    %load/vec4 v0x7ff8274521e0_0;
    %flag_set/vec4 8;
    %jmp/0xz  T_11.11, 8;
    %load/vec4 v0x7ff827452120_0;
    %pushi/vec4 36, 0, 8; draw_string_vec4
    %cmp/e;
    %jmp/0xz  T_11.13, 4;
    %load/vec4 v0x7ff827451da0_0;
    %addi 1, 0, 4;
    %assign/vec4 v0x7ff827451da0_0, 0;
T_11.13 ;
    %jmp T_11.12;
T_11.11 ;
    %load/vec4 v0x7ff827451da0_0;
    %assign/vec4 v0x7ff827451da0_0, 0;
T_11.12 ;
    %jmp T_11.6;
T_11.2 ;
    %load/vec4 v0x7ff8274521e0_0;
    %flag_set/vec4 8;
    %jmp/0xz  T_11.15, 8;
    %load/vec4 v0x7ff827452120_0;
    %pushi/vec4 44, 0, 8; draw_string_vec4
    %cmp/e;
    %jmp/0xz  T_11.17, 4;
    %load/vec4 v0x7ff827451cf0_0;
    %pushi/vec4 4671297, 0, 24; draw_string_vec4
    %cmp/e;
    %jmp/0xz  T_11.19, 4;
    %load/vec4 v0x7ff827451da0_0;
    %addi 1, 0, 4;
    %assign/vec4 v0x7ff827451da0_0, 0;
    %jmp T_11.20;
T_11.19 ;
    %load/vec4 v0x7ff827451da0_0;
    %subi 1, 0, 4;
    %assign/vec4 v0x7ff827451da0_0, 0;
T_11.20 ;
    %jmp T_11.18;
T_11.17 ;
    %load/vec4 v0x7ff827451cf0_0;
    %parti/s 16, 0, 2;
    %ix/load 4, 8, 0;
    %ix/load 5, 0, 0;
    %flag_set/imm 4, 0;
    %assign/vec4/off/d v0x7ff827451cf0_0, 4, 5;
    %load/vec4 v0x7ff827452120_0;
    %ix/load 4, 0, 0;
    %ix/load 5, 0, 0;
    %flag_set/imm 4, 0;
    %assign/vec4/off/d v0x7ff827451cf0_0, 4, 5;
T_11.18 ;
T_11.15 ;
    %jmp T_11.6;
T_11.3 ;
    %load/vec4 v0x7ff8274521e0_0;
    %flag_set/vec4 8;
    %jmp/0xz  T_11.21, 8;
    %load/vec4 v0x7ff827452120_0;
    %pad/u 32;
    %cmpi/e 10, 0, 32;
    %jmp/0xz  T_11.23, 4;
    %pushi/vec4 1, 0, 4;
    %assign/vec4 v0x7ff827451da0_0, 0;
    %jmp T_11.24;
T_11.23 ;
    %load/vec4 v0x7ff827451c30_0;
    %pad/u 32;
    %cmpi/e 10, 0, 32;
    %jmp/0xz  T_11.25, 4;
    %load/vec4 v0x7ff827451e60_0;
    %ix/load 4, 0, 0;
    %flag_set/imm 4, 0;
    %load/vec4a v0x7ff827452910, 4;
    %cmp/e;
    %jmp/0xz  T_11.27, 4;
    %load/vec4 v0x7ff827452310_0;
    %pushi/vec4 1, 0, 10;
    %or;
    %store/vec4 v0x7ff827452310_0, 0, 10;
T_11.27 ;
    %load/vec4 v0x7ff827451e60_0;
    %ix/load 4, 1, 0;
    %flag_set/imm 4, 0;
    %load/vec4a v0x7ff827452910, 4;
    %cmp/e;
    %jmp/0xz  T_11.29, 4;
    %load/vec4 v0x7ff827452310_0;
    %pushi/vec4 1022, 0, 10;
    %and;
    %store/vec4 v0x7ff827452310_0, 0, 10;
T_11.29 ;
    %load/vec4 v0x7ff827451e60_0;
    %ix/load 4, 2, 0;
    %flag_set/imm 4, 0;
    %load/vec4a v0x7ff827452910, 4;
    %cmp/e;
    %jmp/0xz  T_11.31, 4;
    %load/vec4 v0x7ff827452310_0;
    %pushi/vec4 2, 0, 10;
    %or;
    %store/vec4 v0x7ff827452310_0, 0, 10;
T_11.31 ;
    %load/vec4 v0x7ff827451e60_0;
    %ix/load 4, 3, 0;
    %flag_set/imm 4, 0;
    %load/vec4a v0x7ff827452910, 4;
    %cmp/e;
    %jmp/0xz  T_11.33, 4;
    %load/vec4 v0x7ff827452310_0;
    %pushi/vec4 1021, 0, 10;
    %and;
    %store/vec4 v0x7ff827452310_0, 0, 10;
T_11.33 ;
    %load/vec4 v0x7ff827451e60_0;
    %ix/load 4, 4, 0;
    %flag_set/imm 4, 0;
    %load/vec4a v0x7ff827452910, 4;
    %cmp/e;
    %jmp/0xz  T_11.35, 4;
    %load/vec4 v0x7ff827452310_0;
    %pushi/vec4 4, 0, 10;
    %or;
    %store/vec4 v0x7ff827452310_0, 0, 10;
T_11.35 ;
    %load/vec4 v0x7ff827451e60_0;
    %ix/load 4, 5, 0;
    %flag_set/imm 4, 0;
    %load/vec4a v0x7ff827452910, 4;
    %cmp/e;
    %jmp/0xz  T_11.37, 4;
    %load/vec4 v0x7ff827452310_0;
    %pushi/vec4 1019, 0, 10;
    %and;
    %store/vec4 v0x7ff827452310_0, 0, 10;
T_11.37 ;
    %load/vec4 v0x7ff827451e60_0;
    %ix/load 4, 6, 0;
    %flag_set/imm 4, 0;
    %load/vec4a v0x7ff827452910, 4;
    %cmp/e;
    %jmp/0xz  T_11.39, 4;
    %load/vec4 v0x7ff827452310_0;
    %pushi/vec4 8, 0, 10;
    %or;
    %store/vec4 v0x7ff827452310_0, 0, 10;
T_11.39 ;
    %load/vec4 v0x7ff827451e60_0;
    %ix/load 4, 7, 0;
    %flag_set/imm 4, 0;
    %load/vec4a v0x7ff827452910, 4;
    %cmp/e;
    %jmp/0xz  T_11.41, 4;
    %load/vec4 v0x7ff827452310_0;
    %pushi/vec4 1015, 0, 10;
    %and;
    %store/vec4 v0x7ff827452310_0, 0, 10;
T_11.41 ;
    %load/vec4 v0x7ff827451e60_0;
    %ix/load 4, 8, 0;
    %flag_set/imm 4, 0;
    %load/vec4a v0x7ff827452910, 4;
    %cmp/e;
    %jmp/0xz  T_11.43, 4;
    %load/vec4 v0x7ff827452310_0;
    %pushi/vec4 16, 0, 10;
    %or;
    %store/vec4 v0x7ff827452310_0, 0, 10;
T_11.43 ;
    %load/vec4 v0x7ff827451e60_0;
    %ix/load 4, 9, 0;
    %flag_set/imm 4, 0;
    %load/vec4a v0x7ff827452910, 4;
    %cmp/e;
    %jmp/0xz  T_11.45, 4;
    %load/vec4 v0x7ff827452310_0;
    %pushi/vec4 1007, 0, 10;
    %and;
    %store/vec4 v0x7ff827452310_0, 0, 10;
T_11.45 ;
    %load/vec4 v0x7ff827451e60_0;
    %ix/load 4, 10, 0;
    %flag_set/imm 4, 0;
    %load/vec4a v0x7ff827452910, 4;
    %cmp/e;
    %jmp/0xz  T_11.47, 4;
    %load/vec4 v0x7ff827452310_0;
    %pushi/vec4 32, 0, 10;
    %or;
    %store/vec4 v0x7ff827452310_0, 0, 10;
T_11.47 ;
    %load/vec4 v0x7ff827451e60_0;
    %ix/load 4, 11, 0;
    %flag_set/imm 4, 0;
    %load/vec4a v0x7ff827452910, 4;
    %cmp/e;
    %jmp/0xz  T_11.49, 4;
    %load/vec4 v0x7ff827452310_0;
    %pushi/vec4 991, 0, 10;
    %and;
    %store/vec4 v0x7ff827452310_0, 0, 10;
T_11.49 ;
    %load/vec4 v0x7ff827451e60_0;
    %ix/load 4, 12, 0;
    %flag_set/imm 4, 0;
    %load/vec4a v0x7ff827452910, 4;
    %cmp/e;
    %jmp/0xz  T_11.51, 4;
    %load/vec4 v0x7ff827452310_0;
    %pushi/vec4 64, 0, 10;
    %or;
    %store/vec4 v0x7ff827452310_0, 0, 10;
T_11.51 ;
    %load/vec4 v0x7ff827451e60_0;
    %ix/load 4, 13, 0;
    %flag_set/imm 4, 0;
    %load/vec4a v0x7ff827452910, 4;
    %cmp/e;
    %jmp/0xz  T_11.53, 4;
    %load/vec4 v0x7ff827452310_0;
    %pushi/vec4 959, 0, 10;
    %and;
    %store/vec4 v0x7ff827452310_0, 0, 10;
T_11.53 ;
    %load/vec4 v0x7ff827451e60_0;
    %ix/load 4, 14, 0;
    %flag_set/imm 4, 0;
    %load/vec4a v0x7ff827452910, 4;
    %cmp/e;
    %jmp/0xz  T_11.55, 4;
    %load/vec4 v0x7ff827452310_0;
    %pushi/vec4 128, 0, 10;
    %or;
    %store/vec4 v0x7ff827452310_0, 0, 10;
T_11.55 ;
    %load/vec4 v0x7ff827451e60_0;
    %ix/load 4, 15, 0;
    %flag_set/imm 4, 0;
    %load/vec4a v0x7ff827452910, 4;
    %cmp/e;
    %jmp/0xz  T_11.57, 4;
    %load/vec4 v0x7ff827452310_0;
    %pushi/vec4 895, 0, 10;
    %and;
    %store/vec4 v0x7ff827452310_0, 0, 10;
T_11.57 ;
    %load/vec4 v0x7ff827451e60_0;
    %ix/load 4, 16, 0;
    %flag_set/imm 4, 0;
    %load/vec4a v0x7ff827452910, 4;
    %cmp/e;
    %jmp/0xz  T_11.59, 4;
    %load/vec4 v0x7ff827452310_0;
    %pushi/vec4 256, 0, 10;
    %or;
    %store/vec4 v0x7ff827452310_0, 0, 10;
T_11.59 ;
    %load/vec4 v0x7ff827451e60_0;
    %ix/load 4, 17, 0;
    %flag_set/imm 4, 0;
    %load/vec4a v0x7ff827452910, 4;
    %cmp/e;
    %jmp/0xz  T_11.61, 4;
    %load/vec4 v0x7ff827452310_0;
    %pushi/vec4 767, 0, 10;
    %and;
    %store/vec4 v0x7ff827452310_0, 0, 10;
T_11.61 ;
    %load/vec4 v0x7ff827451e60_0;
    %ix/load 4, 18, 0;
    %flag_set/imm 4, 0;
    %load/vec4a v0x7ff827452910, 4;
    %cmp/e;
    %jmp/0xz  T_11.63, 4;
    %load/vec4 v0x7ff827452310_0;
    %pushi/vec4 512, 0, 10;
    %or;
    %store/vec4 v0x7ff827452310_0, 0, 10;
T_11.63 ;
    %load/vec4 v0x7ff827451e60_0;
    %ix/load 4, 19, 0;
    %flag_set/imm 4, 0;
    %load/vec4a v0x7ff827452910, 4;
    %cmp/e;
    %jmp/0xz  T_11.65, 4;
    %load/vec4 v0x7ff827452310_0;
    %pushi/vec4 511, 0, 10;
    %and;
    %store/vec4 v0x7ff827452310_0, 0, 10;
T_11.65 ;
    %load/vec4 v0x7ff827451da0_0;
    %addi 1, 0, 4;
    %store/vec4 v0x7ff827451da0_0, 0, 4;
    %load/vec4 v0x7ff8274524c0_0;
    %flag_set/vec4 8;
    %jmp/0xz  T_11.67, 8;
    %pushi/vec4 0, 0, 4;
    %store/vec4 v0x7ff827451da0_0, 0, 4;
T_11.67 ;
    %jmp T_11.26;
T_11.25 ;
    %load/vec4 v0x7ff827451da0_0;
    %assign/vec4 v0x7ff827451da0_0, 0;
T_11.26 ;
T_11.24 ;
T_11.21 ;
    %jmp T_11.6;
T_11.4 ;
    %load/vec4 v0x7ff827452310_0;
    %parti/s 1, 0, 2;
    %pad/u 4;
    %load/vec4 v0x7ff827452310_0;
    %parti/s 1, 1, 2;
    %pad/u 4;
    %add;
    %load/vec4 v0x7ff827452310_0;
    %parti/s 1, 2, 3;
    %pad/u 4;
    %add;
    %load/vec4 v0x7ff827452310_0;
    %parti/s 1, 3, 3;
    %pad/u 4;
    %add;
    %load/vec4 v0x7ff827452310_0;
    %parti/s 1, 4, 4;
    %pad/u 4;
    %load/vec4 v0x7ff827452310_0;
    %parti/s 1, 5, 4;
    %pad/u 4;
    %add;
    %load/vec4 v0x7ff827452310_0;
    %parti/s 1, 6, 4;
    %pad/u 4;
    %add;
    %load/vec4 v0x7ff827452310_0;
    %parti/s 1, 7, 4;
    %pad/u 4;
    %add;
    %add;
    %load/vec4 v0x7ff827452310_0;
    %parti/s 1, 8, 5;
    %pad/u 4;
    %load/vec4 v0x7ff827452310_0;
    %parti/s 1, 9, 5;
    %pad/u 4;
    %add;
    %add;
    %store/vec4 v0x7ff8274523a0_0, 0, 4;
    %load/vec4 v0x7ff827452310_0;
    %parti/s 1, 0, 2;
    %flag_set/vec4 8;
    %jmp/0xz  T_11.69, 8;
    %pushi/vec4 1, 0, 10;
    %store/vec4 v0x7ff8274526b0_0, 0, 10;
    %jmp T_11.70;
T_11.69 ;
    %load/vec4 v0x7ff827452310_0;
    %parti/s 1, 1, 2;
    %flag_set/vec4 8;
    %jmp/0xz  T_11.71, 8;
    %pushi/vec4 2, 0, 10;
    %store/vec4 v0x7ff8274526b0_0, 0, 10;
    %jmp T_11.72;
T_11.71 ;
    %load/vec4 v0x7ff827452310_0;
    %parti/s 1, 2, 3;
    %flag_set/vec4 8;
    %jmp/0xz  T_11.73, 8;
    %pushi/vec4 4, 0, 10;
    %store/vec4 v0x7ff8274526b0_0, 0, 10;
    %jmp T_11.74;
T_11.73 ;
    %load/vec4 v0x7ff827452310_0;
    %parti/s 1, 3, 3;
    %flag_set/vec4 8;
    %jmp/0xz  T_11.75, 8;
    %pushi/vec4 8, 0, 10;
    %store/vec4 v0x7ff8274526b0_0, 0, 10;
    %jmp T_11.76;
T_11.75 ;
    %load/vec4 v0x7ff827452310_0;
    %parti/s 1, 4, 4;
    %flag_set/vec4 8;
    %jmp/0xz  T_11.77, 8;
    %pushi/vec4 16, 0, 10;
    %store/vec4 v0x7ff8274526b0_0, 0, 10;
    %jmp T_11.78;
T_11.77 ;
    %load/vec4 v0x7ff827452310_0;
    %parti/s 1, 5, 4;
    %flag_set/vec4 8;
    %jmp/0xz  T_11.79, 8;
    %pushi/vec4 32, 0, 10;
    %store/vec4 v0x7ff8274526b0_0, 0, 10;
    %jmp T_11.80;
T_11.79 ;
    %load/vec4 v0x7ff827452310_0;
    %parti/s 1, 6, 4;
    %flag_set/vec4 8;
    %jmp/0xz  T_11.81, 8;
    %pushi/vec4 64, 0, 10;
    %store/vec4 v0x7ff8274526b0_0, 0, 10;
    %jmp T_11.82;
T_11.81 ;
    %load/vec4 v0x7ff827452310_0;
    %parti/s 1, 7, 4;
    %flag_set/vec4 8;
    %jmp/0xz  T_11.83, 8;
    %pushi/vec4 128, 0, 10;
    %store/vec4 v0x7ff8274526b0_0, 0, 10;
    %jmp T_11.84;
T_11.83 ;
    %load/vec4 v0x7ff827452310_0;
    %parti/s 1, 8, 5;
    %flag_set/vec4 8;
    %jmp/0xz  T_11.85, 8;
    %pushi/vec4 256, 0, 10;
    %store/vec4 v0x7ff8274526b0_0, 0, 10;
    %jmp T_11.86;
T_11.85 ;
    %load/vec4 v0x7ff827452310_0;
    %parti/s 1, 9, 5;
    %flag_set/vec4 8;
    %jmp/0xz  T_11.87, 8;
    %pushi/vec4 512, 0, 10;
    %store/vec4 v0x7ff8274526b0_0, 0, 10;
    %jmp T_11.88;
T_11.87 ;
    %pushi/vec4 0, 0, 10;
    %store/vec4 v0x7ff8274526b0_0, 0, 10;
T_11.88 ;
T_11.86 ;
T_11.84 ;
T_11.82 ;
T_11.80 ;
T_11.78 ;
T_11.76 ;
T_11.74 ;
T_11.72 ;
T_11.70 ;
    %pushi/vec4 1, 0, 4;
    %store/vec4 v0x7ff827451da0_0, 0, 4;
    %jmp T_11.6;
T_11.6 ;
    %pop/vec4 1;
    %jmp T_11;
    .thread T_11;
    .scope S_0x7ff827451920;
T_12 ;
    %wait E_0x7ff82743e500;
    %load/vec4 v0x7ff827452610_0;
    %flag_set/vec4 8;
    %jmp/0xz  T_12.0, 8;
    %pushi/vec4 0, 0, 10;
    %assign/vec4 v0x7ff827452760_0, 0;
    %jmp T_12.1;
T_12.0 ;
    %load/vec4 v0x7ff8274526b0_0;
    %assign/vec4 v0x7ff827452760_0, 0;
T_12.1 ;
    %pushi/vec4 1, 0, 32;
    %load/vec4 v0x7ff8274523a0_0;
    %pad/u 32;
    %cmp/u;
    %jmp/0xz  T_12.2, 5;
    %pushi/vec4 1, 0, 1;
    %assign/vec4 v0x7ff827452080_0, 0;
    %jmp T_12.3;
T_12.2 ;
    %pushi/vec4 0, 0, 1;
    %assign/vec4 v0x7ff827452080_0, 0;
T_12.3 ;
    %jmp T_12;
    .thread T_12, $push;
    .scope S_0x7ff82741ba60;
T_13 ;
    %pushi/vec4 0, 0, 8;
    %store/vec4 v0x7ff82743e140_0, 0, 8;
    %end;
    .thread T_13;
    .scope S_0x7ff82741ba60;
T_14 ;
    %pushi/vec4 0, 0, 3;
    %store/vec4 v0x7ff827451640_0, 0, 3;
    %end;
    .thread T_14;
    .scope S_0x7ff82741ba60;
T_15 ;
    %pushi/vec4 0, 0, 24;
    %store/vec4 v0x7ff827451400_0, 0, 24;
    %end;
    .thread T_15;
    .scope S_0x7ff82741ba60;
T_16 ;
    %wait E_0x7ff82743f810;
    %load/vec4 v0x7ff8274515a0_0;
    %flag_set/vec4 8;
    %jmp/0xz  T_16.0, 8;
    %load/vec4 v0x7ff8274514b0_0;
    %pushi/vec4 36, 0, 8; draw_string_vec4
    %cmp/e;
    %jmp/0xz  T_16.2, 4;
    %pushi/vec4 0, 0, 8;
    %assign/vec4 v0x7ff82743e140_0, 0;
    %jmp T_16.3;
T_16.2 ;
    %load/vec4 v0x7ff82743e140_0;
    %addi 1, 0, 8;
    %assign/vec4 v0x7ff82743e140_0, 0;
T_16.3 ;
T_16.0 ;
    %jmp T_16;
    .thread T_16;
    .scope S_0x7ff82741ba60;
T_17 ;
    %pushi/vec4 0, 0, 1;
    %store/vec4 v0x7ff827451350_0, 0, 1;
    %end;
    .thread T_17;
    .scope S_0x7ff82741ba60;
T_18 ;
    %wait E_0x7ff82743f810;
    %pushi/vec4 0, 0, 8;
    %assign/vec4 v0x7ff8274516f0_0, 0;
    %pushi/vec4 0, 0, 1;
    %assign/vec4 v0x7ff8274517a0_0, 0;
    %load/vec4 v0x7ff827451640_0;
    %dup/vec4;
    %pushi/vec4 0, 0, 3;
    %cmp/u;
    %jmp/1 T_18.0, 6;
    %dup/vec4;
    %pushi/vec4 1, 0, 3;
    %cmp/u;
    %jmp/1 T_18.1, 6;
    %dup/vec4;
    %pushi/vec4 2, 0, 3;
    %cmp/u;
    %jmp/1 T_18.2, 6;
    %pushi/vec4 0, 0, 3;
    %assign/vec4 v0x7ff827451640_0, 0;
    %jmp T_18.4;
T_18.0 ;
    %load/vec4 v0x7ff8274515a0_0;
    %flag_set/vec4 8;
    %jmp/0xz  T_18.5, 8;
    %load/vec4 v0x7ff8274514b0_0;
    %pushi/vec4 36, 0, 8; draw_string_vec4
    %cmp/e;
    %jmp/0xz  T_18.7, 4;
    %load/vec4 v0x7ff827451640_0;
    %addi 1, 0, 3;
    %assign/vec4 v0x7ff827451640_0, 0;
T_18.7 ;
T_18.5 ;
    %jmp T_18.4;
T_18.1 ;
    %load/vec4 v0x7ff8274515a0_0;
    %flag_set/vec4 8;
    %jmp/0xz  T_18.9, 8;
    %load/vec4 v0x7ff8274514b0_0;
    %pushi/vec4 44, 0, 8; draw_string_vec4
    %cmp/e;
    %jmp/0xz  T_18.11, 4;
    %load/vec4 v0x7ff827451400_0;
    %pushi/vec4 4671297, 0, 24; draw_string_vec4
    %cmp/e;
    %jmp/0xz  T_18.13, 4;
    %load/vec4 v0x7ff827451640_0;
    %addi 1, 0, 3;
    %assign/vec4 v0x7ff827451640_0, 0;
    %jmp T_18.14;
T_18.13 ;
    %load/vec4 v0x7ff827451640_0;
    %subi 1, 0, 3;
    %assign/vec4 v0x7ff827451640_0, 0;
T_18.14 ;
    %jmp T_18.12;
T_18.11 ;
    %load/vec4 v0x7ff827451400_0;
    %parti/s 16, 0, 2;
    %ix/load 4, 8, 0;
    %ix/load 5, 0, 0;
    %flag_set/imm 4, 0;
    %assign/vec4/off/d v0x7ff827451400_0, 4, 5;
    %load/vec4 v0x7ff8274514b0_0;
    %ix/load 4, 0, 0;
    %ix/load 5, 0, 0;
    %flag_set/imm 4, 0;
    %assign/vec4/off/d v0x7ff827451400_0, 4, 5;
T_18.12 ;
T_18.9 ;
    %jmp T_18.4;
T_18.2 ;
    %load/vec4 v0x7ff8274515a0_0;
    %flag_set/vec4 8;
    %jmp/0xz  T_18.15, 8;
    %load/vec4 v0x7ff8274514b0_0;
    %pad/u 32;
    %cmpi/e 10, 0, 32;
    %jmp/0xz  T_18.17, 4;
    %pushi/vec4 0, 0, 3;
    %assign/vec4 v0x7ff827451640_0, 0;
    %jmp T_18.18;
T_18.17 ;
    %pushi/vec4 6, 0, 32;
    %load/vec4 v0x7ff82743e140_0;
    %pad/u 32;
    %cmp/u;
    %flag_get/vec4 4;
    %flag_get/vec4 5;
    %or;
    %load/vec4 v0x7ff82743e140_0;
    %pad/u 32;
    %cmpi/u 11, 0, 32;
    %flag_get/vec4 4;
    %flag_get/vec4 5;
    %or;
    %and;
    %flag_set/vec4 8;
    %jmp/0xz  T_18.19, 8;
    %load/vec4 v0x7ff827451640_0;
    %assign/vec4 v0x7ff827451640_0, 0;
    %load/vec4 v0x7ff8274514b0_0;
    %assign/vec4 v0x7ff8274516f0_0, 0;
    %pushi/vec4 1, 0, 1;
    %assign/vec4 v0x7ff8274517a0_0, 0;
    %jmp T_18.20;
T_18.19 ;
    %load/vec4 v0x7ff827451640_0;
    %assign/vec4 v0x7ff827451640_0, 0;
T_18.20 ;
T_18.18 ;
    %jmp T_18.16;
T_18.15 ;
    %load/vec4 v0x7ff827451640_0;
    %assign/vec4 v0x7ff827451640_0, 0;
T_18.16 ;
    %jmp T_18.4;
T_18.4 ;
    %pop/vec4 1;
    %jmp T_18;
    .thread T_18;
    .scope S_0x7ff8274034d0;
T_19 ;
    %delay 5000, 0;
    %load/vec4 v0x7ff827452cd0_0;
    %pad/u 2;
    %addi 1, 0, 2;
    %pad/u 1;
    %assign/vec4 v0x7ff827452cd0_0, 0;
    %jmp T_19;
    .thread T_19;
    .scope S_0x7ff8274034d0;
T_20 ;
    %pushi/vec4 0, 0, 1;
    %store/vec4 v0x7ff827452cd0_0, 0, 1;
    %pushi/vec4 0, 0, 1;
    %store/vec4 v0x7ff827453800_0, 0, 1;
    %pushi/vec4 0, 0, 8;
    %store/vec4 v0x7ff827453000_0, 0, 8;
    %pushi/vec4 0, 0, 1;
    %store/vec4 v0x7ff827453260_0, 0, 1;
    %pushi/vec4 0, 0, 5;
    %store/vec4 v0x7ff8274535c0_0, 0, 5;
    %pushi/vec4 0, 0, 32;
    %store/vec4 v0x7ff827453470_0, 0, 32;
    %pushi/vec4 0, 0, 1;
    %store/vec4 v0x7ff827453510_0, 0, 1;
    %vpi_func 2 58 "$fopen" 32, "zone_program.txt", "rb" {0 0 0};
    %store/vec4 v0x7ff8274533c0_0, 0, 32;
    %load/vec4 v0x7ff8274533c0_0;
    %cmpi/e 0, 0, 32;
    %jmp/0xz  T_20.0, 4;
    %vpi_call 2 60 "$display", "Error! Unable to open Zone program file" {0 0 0};
T_20.0 ;
    %vpi_func 2 62 "$fopen" 32, "GPS_Serial_data_capture.txt", "rb" {0 0 0};
    %store/vec4 v0x7ff827452a90_0, 0, 32;
    %load/vec4 v0x7ff827452a90_0;
    %cmpi/e 0, 0, 32;
    %jmp/0xz  T_20.2, 4;
    %vpi_call 2 64 "$display", "Error! Could not open GPS file" {0 0 0};
T_20.2 ;
    %vpi_func 2 66 "$fopen" 32, "result_file.dat", "w" {0 0 0};
    %store/vec4 v0x7ff827453890_0, 0, 32;
    %load/vec4 v0x7ff827453890_0;
    %cmpi/e 0, 0, 32;
    %jmp/0xz  T_20.4, 4;
    %vpi_call 2 68 "$display", "Error! Unable to open result_file.dat" {0 0 0};
T_20.4 ;
T_20.6 ;
    %vpi_func 2 76 "$feof" 32, v0x7ff8274533c0_0 {0 0 0};
    %nor/r;
    %flag_set/vec4 8;
    %jmp/0xz T_20.7, 8;
    %wait E_0x7ff82743f810;
    %vpi_func 2 78 "$fscanf" 32, v0x7ff8274533c0_0, "%d, %s", v0x7ff8274535c0_0, v0x7ff827453470_0 {0 0 0};
    %store/vec4 v0x7ff827453770_0, 0, 32;
    %pushi/vec4 1, 0, 1;
    %store/vec4 v0x7ff827453510_0, 0, 1;
    %jmp T_20.6;
T_20.7 ;
    %pushi/vec4 0, 0, 1;
    %store/vec4 v0x7ff827453510_0, 0, 1;
T_20.8 ;
    %vpi_func 2 85 "$feof" 32, v0x7ff827452a90_0 {0 0 0};
    %nor/r;
    %flag_set/vec4 8;
    %jmp/0xz T_20.9, 8;
    %wait E_0x7ff82743f810;
    %vpi_func 2 87 "$fgetc" 32, v0x7ff827452a90_0 {0 0 0};
    %pad/u 8;
    %store/vec4 v0x7ff827453000_0, 0, 8;
    %pushi/vec4 1, 0, 1;
    %store/vec4 v0x7ff827453260_0, 0, 1;
    %jmp T_20.8;
T_20.9 ;
    %pushi/vec4 0, 0, 1;
    %store/vec4 v0x7ff827453260_0, 0, 1;
    %vpi_call 2 92 "$fclose", v0x7ff827453890_0 {0 0 0};
    %vpi_call 2 93 "$fclose", v0x7ff827452a90_0 {0 0 0};
    %vpi_call 2 94 "$fclose", v0x7ff8274533c0_0 {0 0 0};
    %vpi_call 2 96 "$stop" {0 0 0};
    %end;
    .thread T_20;
    .scope S_0x7ff8274034d0;
T_21 ;
    %pushi/vec4 0, 0, 4;
    %store/vec4 v0x7ff827452ec0_0, 0, 4;
    %end;
    .thread T_21;
    .scope S_0x7ff8274034d0;
T_22 ;
    %wait E_0x7ff82743f810;
    %load/vec4 v0x7ff8274531b0_0;
    %load/vec4 v0x7ff827452ec0_0;
    %pushi/vec4 5, 0, 4;
    %cmp/e;
    %flag_get/vec4 4;
    %inv;
    %and;
    %flag_set/vec4 8;
    %jmp/0xz  T_22.0, 8;
    %load/vec4 v0x7ff827452ec0_0;
    %addi 1, 0, 4;
    %assign/vec4 v0x7ff827452ec0_0, 0;
    %jmp T_22.1;
T_22.0 ;
    %load/vec4 v0x7ff8274531b0_0;
    %load/vec4 v0x7ff827452ec0_0;
    %pushi/vec4 5, 0, 4;
    %cmp/e;
    %flag_get/vec4 4;
    %and;
    %flag_set/vec4 8;
    %jmp/0xz  T_22.2, 8;
    %pushi/vec4 0, 0, 4;
    %assign/vec4 v0x7ff827452ec0_0, 0;
    %jmp T_22.3;
T_22.2 ;
    %load/vec4 v0x7ff827452ec0_0;
    %assign/vec4 v0x7ff827452ec0_0, 0;
T_22.3 ;
T_22.1 ;
    %jmp T_22;
    .thread T_22;
    .scope S_0x7ff8274034d0;
T_23 ;
    %wait E_0x7ff82743f810;
    %load/vec4 v0x7ff8274531b0_0;
    %flag_set/vec4 8;
    %jmp/0xz  T_23.0, 8;
    %load/vec4 v0x7ff827453110_0;
    %ix/load 3, 0, 0;
    %flag_set/imm 4, 0;
    %ix/load 4, 0, 0; Constant delay
    %assign/vec4/a/d v0x7ff827452de0, 0, 4;
    %pushi/vec4 1, 0, 32;
    %store/vec4 v0x7ff827453330_0, 0, 32;
T_23.2 ;
    %load/vec4 v0x7ff827453330_0;
    %cmpi/s 6, 0, 32;
    %jmp/0xz T_23.3, 5;
    %load/vec4 v0x7ff827453330_0;
    %pad/s 33;
    %subi 1, 0, 33;
    %ix/vec4/s 4;
    %load/vec4a v0x7ff827452de0, 4;
    %ix/getv/s 3, v0x7ff827453330_0;
    %ix/load 4, 0, 0; Constant delay
    %assign/vec4/a/d v0x7ff827452de0, 0, 4;
    %load/vec4 v0x7ff827453330_0;
    %addi 1, 0, 32;
    %store/vec4 v0x7ff827453330_0, 0, 32;
    %jmp T_23.2;
T_23.3 ;
T_23.0 ;
    %jmp T_23;
    .thread T_23;
    .scope S_0x7ff8274034d0;
T_24 ;
    %wait E_0x7ff82743e450;
    %load/vec4 v0x7ff827453920_0;
    %flag_set/vec4 8;
    %jmp/0xz  T_24.0, 8;
    %ix/load 4, 3, 0;
    %flag_set/imm 4, 0;
    %load/vec4a v0x7ff827452de0, 4;
    %ix/load 4, 2, 0;
    %flag_set/imm 4, 0;
    %load/vec4a v0x7ff827452de0, 4;
    %concat/vec4; draw_concat_vec4
    %pushi/vec4 12592, 0, 16; draw_string_vec4
    %cmp/e;
    %flag_mov 8, 4;
    %ix/load 4, 3, 0;
    %flag_set/imm 4, 0;
    %load/vec4a v0x7ff827452de0, 4;
    %ix/load 4, 2, 0;
    %flag_set/imm 4, 0;
    %load/vec4a v0x7ff827452de0, 4;
    %concat/vec4; draw_concat_vec4
    %pushi/vec4 12593, 0, 16; draw_string_vec4
    %cmp/e;
    %flag_or 4, 8;
    %jmp/0xz  T_24.2, 4;
    %pushi/vec4 1, 0, 1;
    %store/vec4 v0x7ff827453800_0, 0, 1;
    %jmp T_24.3;
T_24.2 ;
    %pushi/vec4 0, 0, 1;
    %store/vec4 v0x7ff827453800_0, 0, 1;
T_24.3 ;
T_24.0 ;
    %jmp T_24;
    .thread T_24, $push;
    .scope S_0x7ff8274034d0;
T_25 ;
    %wait E_0x7ff82743b340;
    %vpi_call 2 160 "$fwrite", v0x7ff827453890_0, "Programing Zone: %d, %s\012", v0x7ff8274535c0_0, v0x7ff827453470_0 {0 0 0};
    %jmp T_25;
    .thread T_25, $push;
    .scope S_0x7ff8274034d0;
T_26 ;
    %wait E_0x7ff82743cd20;
    %load/vec4 v0x7ff827453920_0;
    %flag_set/vec4 8;
    %jmp/0xz  T_26.0, 8;
    %vpi_call 2 164 "$fwrite", v0x7ff827453890_0, "Time: %c%c%c%c%c%c, Rain: %d, Zone_Active: %b\012", &A<v0x7ff827452de0, 5>, &A<v0x7ff827452de0, 4>, &A<v0x7ff827452de0, 3>, &A<v0x7ff827452de0, 2>, &A<v0x7ff827452de0, 1>, &A<v0x7ff827452de0, 0>, v0x7ff827453800_0, v0x7ff8274539b0_0 {0 0 0};
T_26.0 ;
    %jmp T_26;
    .thread T_26, $push;
# The file index is used to find the file name in the following table.
:file_names 5;
    "N/A";
    "<interactive>";
    "hw4_tb.v";
    "serial_gps_mine.v";
    "hw4_sprinkler.v";
