#! /usr/local/Cellar/icarus-verilog/10.1.1/bin/vvp
:ivl_version "10.1 (stable)" "(v10_1_1)";
:ivl_delay_selection "TYPICAL";
:vpi_time_precision - 12;
:vpi_module "system";
:vpi_module "vhdl_sys";
:vpi_module "v2005_math";
:vpi_module "va_math";
S_0x7ff11a800160 .scope module, "hw5_tb" "hw5_tb" 2 20;
 .timescale -9 -12;
P_0x7ff11b002000 .param/l "HS_back_porch" 0 2 43, +C4<0000000000000000000000000100000000>;
P_0x7ff11b002040 .param/l "HS_front_porch" 0 2 41, +C4<00000000000000000000000000101000>;
P_0x7ff11b002080 .param/l "HS_sync_pulse" 0 2 42, +C4<000000000000000000000000010101000>;
P_0x7ff11b0020c0 .param/l "HS_total_pixels" 0 2 49, +C4<00000000000000000000000010000100000>;
P_0x7ff11b002100 .param/l "IDLE_ST" 0 2 191, +C4<00000000000000000000000000000000>;
P_0x7ff11b002140 .param/l "OPEN_FILE_ST" 0 2 192, +C4<00000000000000000000000000000001>;
P_0x7ff11b002180 .param/l "READ_HEADER_ST" 0 2 193, +C4<00000000000000000000000000000010>;
P_0x7ff11b0021c0 .param/l "SEND_DATA_ST" 0 2 194, +C4<00000000000000000000000000000011>;
P_0x7ff11b002200 .param/l "STOP_ST" 0 2 195, +C4<00000000000000000000000000000100>;
P_0x7ff11b002240 .param/l "VGA_lines" 0 2 39, +C4<00000000000000000000001001011000>;
P_0x7ff11b002280 .param/l "VGA_pixels" 0 2 38, +C4<00000000000000000000001100100000>;
P_0x7ff11b0022c0 .param/l "VS_back_porch" 0 2 47, +C4<0000000000000000000000000000011100>;
P_0x7ff11b002300 .param/l "VS_front_porch" 0 2 45, +C4<00000000000000000000000000000001>;
P_0x7ff11b002340 .param/l "VS_sync_pulse" 0 2 46, +C4<000000000000000000000000000000101>;
P_0x7ff11b002380 .param/l "VS_total_pixels" 0 2 50, +C4<00000000000000000000000001001110100>;
P_0x7ff11b0023c0 .param/l "bit_depth" 0 2 30, +C4<00000000000000000000000000001000>;
P_0x7ff11b002400 .param/l "cols" 0 2 33, +C4<00000000000000000000001000000000>;
P_0x7ff11b002440 .param/l "counter_wid" 0 2 25, +C4<00000000000000000000000000100000>;
P_0x7ff11b002480 .param/l "rows" 0 2 32, +C4<00000000000000000000001000000000>;
L_0x7ff11a908c70 .functor AND 1, L_0x7ff11a92de80, L_0x7ff11a92cc50, C4<1>, C4<1>;
L_0x7ff11a913fa0 .functor AND 1, L_0x7ff11a92bea0, L_0x7ff11a929ef0, C4<1>, C4<1>;
L_0x7ff11a914240 .functor AND 1, L_0x7ff11a927ec0, L_0x7ff11a932c40, C4<1>, C4<1>;
L_0x7ff11a934290 .functor AND 1, L_0x7ff11a934020, L_0x7ff11a908690, C4<1>, C4<1>;
L_0x7ff11a934890 .functor AND 1, L_0x7ff11a934460, L_0x7ff11a9270b0, C4<1>, C4<1>;
L_0x7ff11a934dd0 .functor AND 1, L_0x7ff11a9349e0, L_0x7ff11a9347b0, C4<1>, C4<1>;
L_0x7ff11a934b00 .functor AND 1, L_0x7ff11a934dd0, L_0x7ff11a914240, C4<1>, C4<1>;
L_0x7ff11a934f40 .functor NOT 1, L_0x7ff11a908c70, C4<0>, C4<0>, C4<0>;
L_0x7ff11a935030 .functor NOT 1, L_0x7ff11a934290, C4<0>, C4<0>, C4<0>;
v0x7ff118c01450_0 .net "B", 7 0, L_0x7ff11a930c90;  1 drivers
v0x7ff118c01520_0 .net "G", 7 0, L_0x7ff11a930bf0;  1 drivers
v0x7ff118c015b0_0 .net "HS", 0 0, L_0x7ff11a934f40;  1 drivers
v0x7ff118c01640_0 .net "HS_BP", 0 0, L_0x7ff11a913fa0;  1 drivers
v0x7ff118c016d0_0 .net "HS_DI", 0 0, L_0x7ff11a927ec0;  1 drivers
v0x7ff118c017a0_0 .net "HS_FP", 0 0, L_0x7ff11a92ec60;  1 drivers
v0x7ff118c01830_0 .net "HS_SY", 0 0, L_0x7ff11a908c70;  1 drivers
v0x7ff118c018c0_0 .var "NS", 2 0;
v0x7ff118c01960_0 .var "PS", 2 0;
v0x7ff118c01a70_0 .net "R", 7 0, L_0x7ff11a908850;  1 drivers
v0x7ff118c01b30_0 .net "VS", 0 0, L_0x7ff11a935030;  1 drivers
v0x7ff118c01bc0_0 .net "VS_BP", 0 0, L_0x7ff11a934890;  1 drivers
v0x7ff118c01c50_0 .net "VS_DI", 0 0, L_0x7ff11a9349e0;  1 drivers
v0x7ff118c01ce0_0 .net "VS_FP", 0 0, L_0x7ff11a927010;  1 drivers
v0x7ff118c01d70_0 .net "VS_SY", 0 0, L_0x7ff11a934290;  1 drivers
L_0x10409f008 .functor BUFT 1, C4<00000000>, C4<0>, C4<0>, C4<0>;
v0x7ff118c01e00_0 .net/2u *"_s0", 7 0, L_0x10409f008;  1 drivers
v0x7ff118c01eb0_0 .net *"_s100", 32 0, L_0x7ff11a934340;  1 drivers
L_0x10409f680 .functor BUFT 1, C4<00000000000000000000000>, C4<0>, C4<0>, C4<0>;
v0x7ff118c02060_0 .net *"_s103", 22 0, L_0x10409f680;  1 drivers
L_0x10409f6c8 .functor BUFT 1, C4<000000000000000000000000000000101>, C4<0>, C4<0>, C4<0>;
v0x7ff118c02110_0 .net/2u *"_s104", 32 0, L_0x10409f6c8;  1 drivers
v0x7ff118c021c0_0 .net *"_s106", 0 0, L_0x7ff11a934460;  1 drivers
v0x7ff118c02260_0 .net *"_s108", 33 0, L_0x7ff11a934650;  1 drivers
L_0x10409f710 .functor BUFT 1, C4<000000000000000000000000>, C4<0>, C4<0>, C4<0>;
v0x7ff118c02310_0 .net *"_s111", 23 0, L_0x10409f710;  1 drivers
L_0x10409f758 .functor BUFT 1, C4<0000000000000000000000000000011100>, C4<0>, C4<0>, C4<0>;
v0x7ff118c023c0_0 .net/2u *"_s112", 33 0, L_0x10409f758;  1 drivers
v0x7ff118c02470_0 .net *"_s114", 0 0, L_0x7ff11a9270b0;  1 drivers
v0x7ff118c02510_0 .net *"_s118", 33 0, L_0x7ff11a934940;  1 drivers
v0x7ff118c025c0_0 .net *"_s12", 31 0, L_0x7ff11a92ebc0;  1 drivers
L_0x10409f7a0 .functor BUFT 1, C4<000000000000000000000000>, C4<0>, C4<0>, C4<0>;
v0x7ff118c02670_0 .net *"_s121", 23 0, L_0x10409f7a0;  1 drivers
L_0x10409f7e8 .functor BUFT 1, C4<0000000000000000000000000000011100>, C4<0>, C4<0>, C4<0>;
v0x7ff118c02720_0 .net/2u *"_s122", 33 0, L_0x10409f7e8;  1 drivers
v0x7ff118c027d0_0 .net *"_s126", 33 0, L_0x7ff11a934bb0;  1 drivers
L_0x10409f830 .functor BUFT 1, C4<000000000000000000000000>, C4<0>, C4<0>, C4<0>;
v0x7ff118c02880_0 .net *"_s129", 23 0, L_0x10409f830;  1 drivers
L_0x10409f878 .functor BUFT 1, C4<0000000000000000000000001000011100>, C4<0>, C4<0>, C4<0>;
v0x7ff118c02930_0 .net/2u *"_s130", 33 0, L_0x10409f878;  1 drivers
v0x7ff118c029e0_0 .net *"_s132", 0 0, L_0x7ff11a9347b0;  1 drivers
L_0x10409f0e0 .functor BUFT 1, C4<000000000000000000000>, C4<0>, C4<0>, C4<0>;
v0x7ff118c02a80_0 .net *"_s15", 20 0, L_0x10409f0e0;  1 drivers
L_0x10409f128 .functor BUFT 1, C4<00000000000000000000000000101000>, C4<0>, C4<0>, C4<0>;
v0x7ff118c01f60_0 .net/2u *"_s16", 31 0, L_0x10409f128;  1 drivers
v0x7ff118c02d10_0 .net *"_s20", 31 0, L_0x7ff11a92dde0;  1 drivers
L_0x10409f170 .functor BUFT 1, C4<000000000000000000000>, C4<0>, C4<0>, C4<0>;
v0x7ff118c02da0_0 .net *"_s23", 20 0, L_0x10409f170;  1 drivers
L_0x10409f1b8 .functor BUFT 1, C4<00000000000000000000000000101000>, C4<0>, C4<0>, C4<0>;
v0x7ff118c02e40_0 .net/2u *"_s24", 31 0, L_0x10409f1b8;  1 drivers
v0x7ff118c02ef0_0 .net *"_s26", 0 0, L_0x7ff11a92de80;  1 drivers
v0x7ff118c02f90_0 .net *"_s28", 32 0, L_0x7ff11a92cbb0;  1 drivers
L_0x10409f200 .functor BUFT 1, C4<0000000000000000000000>, C4<0>, C4<0>, C4<0>;
v0x7ff118c03040_0 .net *"_s31", 21 0, L_0x10409f200;  1 drivers
L_0x10409f248 .functor BUFT 1, C4<000000000000000000000000010101000>, C4<0>, C4<0>, C4<0>;
v0x7ff118c030f0_0 .net/2u *"_s32", 32 0, L_0x10409f248;  1 drivers
v0x7ff118c031a0_0 .net *"_s34", 0 0, L_0x7ff11a92cc50;  1 drivers
v0x7ff118c03240_0 .net *"_s38", 32 0, L_0x7ff11a92be00;  1 drivers
L_0x10409f050 .functor BUFT 1, C4<00000000>, C4<0>, C4<0>, C4<0>;
v0x7ff118c032f0_0 .net/2u *"_s4", 7 0, L_0x10409f050;  1 drivers
L_0x10409f290 .functor BUFT 1, C4<0000000000000000000000>, C4<0>, C4<0>, C4<0>;
v0x7ff118c033a0_0 .net *"_s41", 21 0, L_0x10409f290;  1 drivers
L_0x10409f2d8 .functor BUFT 1, C4<000000000000000000000000010101000>, C4<0>, C4<0>, C4<0>;
v0x7ff118c03450_0 .net/2u *"_s42", 32 0, L_0x10409f2d8;  1 drivers
v0x7ff118c03500_0 .net *"_s44", 0 0, L_0x7ff11a92bea0;  1 drivers
v0x7ff118c035a0_0 .net *"_s46", 33 0, L_0x7ff11a929e50;  1 drivers
L_0x10409f320 .functor BUFT 1, C4<00000000000000000000000>, C4<0>, C4<0>, C4<0>;
v0x7ff118c03650_0 .net *"_s49", 22 0, L_0x10409f320;  1 drivers
L_0x10409f368 .functor BUFT 1, C4<0000000000000000000000000100000000>, C4<0>, C4<0>, C4<0>;
v0x7ff118c03700_0 .net/2u *"_s50", 33 0, L_0x10409f368;  1 drivers
v0x7ff118c037b0_0 .net *"_s52", 0 0, L_0x7ff11a929ef0;  1 drivers
v0x7ff118c03850_0 .net *"_s56", 33 0, L_0x7ff11a927e20;  1 drivers
L_0x10409f3b0 .functor BUFT 1, C4<00000000000000000000000>, C4<0>, C4<0>, C4<0>;
v0x7ff118c03900_0 .net *"_s59", 22 0, L_0x10409f3b0;  1 drivers
L_0x10409f3f8 .functor BUFT 1, C4<0000000000000000000000000100000000>, C4<0>, C4<0>, C4<0>;
v0x7ff118c039b0_0 .net/2u *"_s60", 33 0, L_0x10409f3f8;  1 drivers
v0x7ff118c03a60_0 .net *"_s64", 33 0, L_0x7ff11a932ba0;  1 drivers
L_0x10409f440 .functor BUFT 1, C4<00000000000000000000000>, C4<0>, C4<0>, C4<0>;
v0x7ff118c03b10_0 .net *"_s67", 22 0, L_0x10409f440;  1 drivers
L_0x10409f488 .functor BUFT 1, C4<0000000000000000000000001100000000>, C4<0>, C4<0>, C4<0>;
v0x7ff118c03bc0_0 .net/2u *"_s68", 33 0, L_0x10409f488;  1 drivers
v0x7ff118c03c70_0 .net *"_s70", 0 0, L_0x7ff11a932c40;  1 drivers
v0x7ff118c03d10_0 .net *"_s74", 31 0, L_0x7ff11a9261e0;  1 drivers
L_0x10409f4d0 .functor BUFT 1, C4<0000000000000000000000>, C4<0>, C4<0>, C4<0>;
v0x7ff118c03dc0_0 .net *"_s77", 21 0, L_0x10409f4d0;  1 drivers
L_0x10409f518 .functor BUFT 1, C4<00000000000000000000000000000001>, C4<0>, C4<0>, C4<0>;
v0x7ff118c03e70_0 .net/2u *"_s78", 31 0, L_0x10409f518;  1 drivers
L_0x10409f098 .functor BUFT 1, C4<00000000>, C4<0>, C4<0>, C4<0>;
v0x7ff118c03f20_0 .net/2u *"_s8", 7 0, L_0x10409f098;  1 drivers
v0x7ff118c03fd0_0 .net *"_s82", 31 0, L_0x7ff11a933f40;  1 drivers
L_0x10409f560 .functor BUFT 1, C4<0000000000000000000000>, C4<0>, C4<0>, C4<0>;
v0x7ff118c04080_0 .net *"_s85", 21 0, L_0x10409f560;  1 drivers
L_0x10409f5a8 .functor BUFT 1, C4<00000000000000000000000000000001>, C4<0>, C4<0>, C4<0>;
v0x7ff118c04130_0 .net/2u *"_s86", 31 0, L_0x10409f5a8;  1 drivers
v0x7ff118c02b30_0 .net *"_s88", 0 0, L_0x7ff11a934020;  1 drivers
v0x7ff118c02bd0_0 .net *"_s90", 32 0, L_0x7ff11a9085b0;  1 drivers
L_0x10409f5f0 .functor BUFT 1, C4<00000000000000000000000>, C4<0>, C4<0>, C4<0>;
v0x7ff118c02c80_0 .net *"_s93", 22 0, L_0x10409f5f0;  1 drivers
L_0x10409f638 .functor BUFT 1, C4<000000000000000000000000000000101>, C4<0>, C4<0>, C4<0>;
v0x7ff118c041e0_0 .net/2u *"_s94", 32 0, L_0x10409f638;  1 drivers
v0x7ff118c04290_0 .net *"_s96", 0 0, L_0x7ff11a908690;  1 drivers
v0x7ff118c04330_0 .var "clk", 0 0;
v0x7ff118c043e0_0 .var "clr_rd_counter", 0 0;
v0x7ff118c04470_0 .var "counterX", 10 0;
v0x7ff118c04500_0 .var "counterY", 9 0;
v0x7ff118c04590_0 .var "en_vga_counters", 0 0;
v0x7ff118c04620_0 .var "file_read_done", 0 0;
v0x7ff118c046b0_0 .var "header_valid_sig", 0 0;
v0x7ff118c04740_0 .var/i "im_file_read_reg", 31 0;
v0x7ff118c047e0_0 .var/i "im_file_read_sig", 31 0;
v0x7ff118c04890_0 .var "im_file_read_valid", 0 0;
v0x7ff118c04930_0 .var/i "im_file_write_reg", 31 0;
v0x7ff118c049e0_0 .var/i "im_file_write_sig", 31 0;
v0x7ff118c04a90_0 .net "image_pixel_valid", 0 0, L_0x7ff11a934b00;  1 drivers
v0x7ff118c04b30_0 .var "in_byte", 7 0;
v0x7ff118c04be0_0 .var "inc_counterY", 0 0;
v0x7ff118c04c80_0 .var "inc_rd_counter", 0 0;
v0x7ff118c04d20_0 .net "line_valid", 0 0, L_0x7ff11a934dd0;  1 drivers
v0x7ff118c04dc0_0 .net "out_pixel", 7 0, L_0x7ff11a9351e0;  1 drivers
v0x7ff118c04e80_0 .var "out_pixel_counter", 31 0;
v0x7ff118c04f20_0 .net "out_pixel_valid", 0 0, L_0x7ff11a935170;  1 drivers
v0x7ff118c04fd0_0 .var "pixel_data_offset_reg", 31 0;
v0x7ff118c05070_0 .var "pixel_data_offset_sig", 31 0;
v0x7ff118c05120_0 .net "pixel_valid", 0 0, L_0x7ff11a914240;  1 drivers
v0x7ff118c051c0_0 .var "rd_counter", 31 0;
E_0x7ff11a80f660/0 .event edge, v0x7ff118c04fd0_0, v0x7ff118c04740_0, v0x7ff118c04930_0, v0x7ff118c01960_0;
E_0x7ff11a80f660/1 .event edge, v0x7ff118c047e0_0, v0x7ff118c049e0_0, v0x7ff118c04890_0, v0x7ff118c051c0_0;
E_0x7ff11a80f660/2 .event edge, v0x7ff118c04b30_0, v0x7ff118c04620_0;
E_0x7ff11a80f660 .event/or E_0x7ff11a80f660/0, E_0x7ff11a80f660/1, E_0x7ff11a80f660/2;
L_0x7ff11a908850 .functor MUXZ 8, L_0x10409f008, v0x7ff118c04b30_0, L_0x7ff11a934b00, C4<>;
L_0x7ff11a930bf0 .functor MUXZ 8, L_0x10409f050, v0x7ff118c04b30_0, L_0x7ff11a934b00, C4<>;
L_0x7ff11a930c90 .functor MUXZ 8, L_0x10409f098, v0x7ff118c04b30_0, L_0x7ff11a934b00, C4<>;
L_0x7ff11a92ebc0 .concat [ 11 21 0 0], v0x7ff118c04470_0, L_0x10409f0e0;
L_0x7ff11a92ec60 .cmp/gt 32, L_0x10409f128, L_0x7ff11a92ebc0;
L_0x7ff11a92dde0 .concat [ 11 21 0 0], v0x7ff118c04470_0, L_0x10409f170;
L_0x7ff11a92de80 .cmp/ge 32, L_0x7ff11a92dde0, L_0x10409f1b8;
L_0x7ff11a92cbb0 .concat [ 11 22 0 0], v0x7ff118c04470_0, L_0x10409f200;
L_0x7ff11a92cc50 .cmp/gt 33, L_0x10409f248, L_0x7ff11a92cbb0;
L_0x7ff11a92be00 .concat [ 11 22 0 0], v0x7ff118c04470_0, L_0x10409f290;
L_0x7ff11a92bea0 .cmp/ge 33, L_0x7ff11a92be00, L_0x10409f2d8;
L_0x7ff11a929e50 .concat [ 11 23 0 0], v0x7ff118c04470_0, L_0x10409f320;
L_0x7ff11a929ef0 .cmp/gt 34, L_0x10409f368, L_0x7ff11a929e50;
L_0x7ff11a927e20 .concat [ 11 23 0 0], v0x7ff118c04470_0, L_0x10409f3b0;
L_0x7ff11a927ec0 .cmp/ge 34, L_0x7ff11a927e20, L_0x10409f3f8;
L_0x7ff11a932ba0 .concat [ 11 23 0 0], v0x7ff118c04470_0, L_0x10409f440;
L_0x7ff11a932c40 .cmp/gt 34, L_0x10409f488, L_0x7ff11a932ba0;
L_0x7ff11a9261e0 .concat [ 10 22 0 0], v0x7ff118c04500_0, L_0x10409f4d0;
L_0x7ff11a927010 .cmp/gt 32, L_0x10409f518, L_0x7ff11a9261e0;
L_0x7ff11a933f40 .concat [ 10 22 0 0], v0x7ff118c04500_0, L_0x10409f560;
L_0x7ff11a934020 .cmp/ge 32, L_0x7ff11a933f40, L_0x10409f5a8;
L_0x7ff11a9085b0 .concat [ 10 23 0 0], v0x7ff118c04500_0, L_0x10409f5f0;
L_0x7ff11a908690 .cmp/gt 33, L_0x10409f638, L_0x7ff11a9085b0;
L_0x7ff11a934340 .concat [ 10 23 0 0], v0x7ff118c04500_0, L_0x10409f680;
L_0x7ff11a934460 .cmp/ge 33, L_0x7ff11a934340, L_0x10409f6c8;
L_0x7ff11a934650 .concat [ 10 24 0 0], v0x7ff118c04500_0, L_0x10409f710;
L_0x7ff11a9270b0 .cmp/gt 34, L_0x10409f758, L_0x7ff11a934650;
L_0x7ff11a934940 .concat [ 10 24 0 0], v0x7ff118c04500_0, L_0x10409f7a0;
L_0x7ff11a9349e0 .cmp/ge 34, L_0x7ff11a934940, L_0x10409f7e8;
L_0x7ff11a934bb0 .concat [ 10 24 0 0], v0x7ff118c04500_0, L_0x10409f830;
L_0x7ff11a9347b0 .cmp/gt 34, L_0x10409f878, L_0x7ff11a934bb0;
S_0x7ff11a812ee0 .scope module, "uut" "hw5_top" 2 160, 3 22 0, S_0x7ff11a800160;
 .timescale -9 -12;
    .port_info 0 /INPUT 1 "clk"
    .port_info 1 /INPUT 8 "R"
    .port_info 2 /INPUT 8 "G"
    .port_info 3 /INPUT 8 "B"
    .port_info 4 /INPUT 1 "HS"
    .port_info 5 /INPUT 1 "VS"
    .port_info 6 /OUTPUT 8 "out_pixel"
    .port_info 7 /OUTPUT 1 "out_pixel_valid"
P_0x7ff11b002600 .param/l "FILL_IN" 0 3 78, +C4<00000000000000000000000000000110>;
P_0x7ff11b002640 .param/l "FILL_IN_CNT" 0 3 67, +C4<00000000000000000000000100100000>;
P_0x7ff11b002680 .param/l "HS_BP" 0 3 76, +C4<00000000000000000000000000000100>;
P_0x7ff11b0026c0 .param/l "HS_BP_CNT" 0 3 60, +C4<00000000000000000000000001011000>;
P_0x7ff11b002700 .param/l "HS_FP" 0 3 79, +C4<00000000000000000000000000000111>;
P_0x7ff11b002740 .param/l "HS_FP_CNT" 0 3 59, +C4<00000000000000000000000000101000>;
P_0x7ff11b002780 .param/l "HS_SYNC_PULSE" 0 3 75, +C4<00000000000000000000000000000011>;
P_0x7ff11b0027c0 .param/l "IM_DIM" 0 3 61, +C4<00000000000000000000001000000000>;
P_0x7ff11b002800 .param/l "START_ST" 0 3 72, +C4<00000000000000000000000000000000>;
P_0x7ff11b002840 .param/l "VALID_OUT" 0 3 77, +C4<00000000000000000000000000000101>;
P_0x7ff11b002880 .param/l "VGA_ROW" 0 3 63, +C4<00000000000000000000001100100000>;
P_0x7ff11b0028c0 .param/l "VS_BP" 0 3 74, +C4<00000000000000000000000000000010>;
P_0x7ff11b002900 .param/l "VS_BP_CNT" 0 3 58, +C4<00000000000000000000000000010111>;
P_0x7ff11b002940 .param/l "VS_SYNC_PULSE" 0 3 73, +C4<00000000000000000000000000000001>;
P_0x7ff11b002980 .param/l "cols" 0 3 66, +C4<00000000000000000000001000000000>;
P_0x7ff11b0029c0 .param/l "rows" 0 3 65, +C4<00000000000000000000001000000000>;
L_0x7ff11a935170 .functor BUFZ 1, v0x7ff118c011a0_0, C4<0>, C4<0>, C4<0>;
L_0x7ff11a9351e0 .functor BUFZ 8, L_0x7ff11a908850, C4<00000000>, C4<00000000>, C4<00000000>;
v0x7ff11a811070_0 .net "B", 7 0, L_0x7ff11a930c90;  alias, 1 drivers
v0x7ff118c00390_0 .var "FILL_IN_CNTR", 8 0;
v0x7ff118c00450_0 .net "G", 7 0, L_0x7ff11a930bf0;  alias, 1 drivers
v0x7ff118c00510_0 .var "GP_CNTR", 9 0;
v0x7ff118c005c0_0 .net "HS", 0 0, L_0x7ff11a934f40;  alias, 1 drivers
v0x7ff118c006a0_0 .var "HS_BP_CNTR", 6 0;
v0x7ff118c00750_0 .var "HS_FP_CNTR", 5 0;
v0x7ff118c00800_0 .var "HS_prev", 0 0;
v0x7ff118c008a0_0 .var "IM_DIM_CNTR", 9 0;
v0x7ff118c009b0_0 .var "NS", 2 0;
v0x7ff118c00a60_0 .var "PS", 2 0;
v0x7ff118c00b10_0 .net "R", 7 0, L_0x7ff11a908850;  alias, 1 drivers
v0x7ff118c00bc0_0 .var "VGA_ROW_CNTR", 9 0;
v0x7ff118c00c70_0 .net "VS", 0 0, L_0x7ff11a935030;  alias, 1 drivers
v0x7ff118c00d10_0 .var "VS_BP_CNTR", 4 0;
v0x7ff118c00dc0_0 .net "clk", 0 0, v0x7ff118c04330_0;  1 drivers
v0x7ff118c00e60_0 .var "done_HS_BP", 0 0;
v0x7ff118c00ff0_0 .var "done_HS_FP", 0 0;
v0x7ff118c01080_0 .var "done_fill_in", 0 0;
v0x7ff118c01110_0 .var "img_end_flag", 0 0;
v0x7ff118c011a0_0 .var "is_valid", 0 0;
v0x7ff118c01240_0 .net "out_pixel", 7 0, L_0x7ff11a9351e0;  alias, 1 drivers
v0x7ff118c012f0_0 .net "out_pixel_valid", 0 0, L_0x7ff11a935170;  alias, 1 drivers
E_0x7ff11a802290/0 .event edge, v0x7ff118c00a60_0, v0x7ff118c00c70_0, v0x7ff118c005c0_0, v0x7ff118c00800_0;
E_0x7ff11a802290/1 .event edge, v0x7ff118c00d10_0, v0x7ff118c00e60_0, v0x7ff118c01110_0, v0x7ff118c01080_0;
E_0x7ff11a802290/2 .event edge, v0x7ff118c00ff0_0;
E_0x7ff11a802290 .event/or E_0x7ff11a802290/0, E_0x7ff11a802290/1, E_0x7ff11a802290/2;
E_0x7ff11a802a10 .event posedge, v0x7ff118c00dc0_0;
    .scope S_0x7ff11a812ee0;
T_0 ;
    %pushi/vec4 0, 0, 3;
    %store/vec4 v0x7ff118c00a60_0, 0, 3;
    %end;
    .thread T_0;
    .scope S_0x7ff11a812ee0;
T_1 ;
    %pushi/vec4 0, 0, 3;
    %store/vec4 v0x7ff118c009b0_0, 0, 3;
    %end;
    .thread T_1;
    .scope S_0x7ff11a812ee0;
T_2 ;
    %pushi/vec4 0, 0, 5;
    %store/vec4 v0x7ff118c00d10_0, 0, 5;
    %end;
    .thread T_2;
    .scope S_0x7ff11a812ee0;
T_3 ;
    %pushi/vec4 0, 0, 6;
    %store/vec4 v0x7ff118c00750_0, 0, 6;
    %end;
    .thread T_3;
    .scope S_0x7ff11a812ee0;
T_4 ;
    %pushi/vec4 0, 0, 7;
    %store/vec4 v0x7ff118c006a0_0, 0, 7;
    %end;
    .thread T_4;
    .scope S_0x7ff11a812ee0;
T_5 ;
    %pushi/vec4 0, 0, 10;
    %store/vec4 v0x7ff118c008a0_0, 0, 10;
    %end;
    .thread T_5;
    .scope S_0x7ff11a812ee0;
T_6 ;
    %pushi/vec4 0, 0, 10;
    %store/vec4 v0x7ff118c00bc0_0, 0, 10;
    %end;
    .thread T_6;
    .scope S_0x7ff11a812ee0;
T_7 ;
    %pushi/vec4 0, 0, 9;
    %store/vec4 v0x7ff118c00390_0, 0, 9;
    %end;
    .thread T_7;
    .scope S_0x7ff11a812ee0;
T_8 ;
    %pushi/vec4 0, 0, 10;
    %store/vec4 v0x7ff118c00510_0, 0, 10;
    %end;
    .thread T_8;
    .scope S_0x7ff11a812ee0;
T_9 ;
    %pushi/vec4 0, 0, 1;
    %store/vec4 v0x7ff118c011a0_0, 0, 1;
    %end;
    .thread T_9;
    .scope S_0x7ff11a812ee0;
T_10 ;
    %pushi/vec4 0, 0, 1;
    %store/vec4 v0x7ff118c00e60_0, 0, 1;
    %end;
    .thread T_10;
    .scope S_0x7ff11a812ee0;
T_11 ;
    %pushi/vec4 0, 0, 1;
    %store/vec4 v0x7ff118c01110_0, 0, 1;
    %end;
    .thread T_11;
    .scope S_0x7ff11a812ee0;
T_12 ;
    %pushi/vec4 0, 0, 1;
    %store/vec4 v0x7ff118c01080_0, 0, 1;
    %end;
    .thread T_12;
    .scope S_0x7ff11a812ee0;
T_13 ;
    %pushi/vec4 0, 0, 1;
    %store/vec4 v0x7ff118c00ff0_0, 0, 1;
    %end;
    .thread T_13;
    .scope S_0x7ff11a812ee0;
T_14 ;
    %wait E_0x7ff11a802a10;
    %load/vec4 v0x7ff118c005c0_0;
    %assign/vec4 v0x7ff118c00800_0, 0;
    %jmp T_14;
    .thread T_14;
    .scope S_0x7ff11a812ee0;
T_15 ;
    %wait E_0x7ff11a802a10;
    %load/vec4 v0x7ff118c009b0_0;
    %pad/u 32;
    %cmpi/e 4, 0, 32;
    %jmp/0xz  T_15.0, 4;
    %load/vec4 v0x7ff118c006a0_0;
    %addi 1, 0, 7;
    %store/vec4 v0x7ff118c006a0_0, 0, 7;
    %load/vec4 v0x7ff118c006a0_0;
    %pad/u 32;
    %cmpi/e 87, 0, 32;
    %jmp/0xz  T_15.2, 4;
    %pushi/vec4 1, 0, 1;
    %store/vec4 v0x7ff118c00e60_0, 0, 1;
    %jmp T_15.3;
T_15.2 ;
    %pushi/vec4 0, 0, 1;
    %store/vec4 v0x7ff118c00e60_0, 0, 1;
T_15.3 ;
    %jmp T_15.1;
T_15.0 ;
    %pushi/vec4 0, 0, 7;
    %store/vec4 v0x7ff118c006a0_0, 0, 7;
    %pushi/vec4 0, 0, 1;
    %store/vec4 v0x7ff118c00e60_0, 0, 1;
T_15.1 ;
    %load/vec4 v0x7ff118c009b0_0;
    %pad/u 32;
    %cmpi/e 5, 0, 32;
    %jmp/0xz  T_15.4, 4;
    %load/vec4 v0x7ff118c008a0_0;
    %addi 1, 0, 10;
    %store/vec4 v0x7ff118c008a0_0, 0, 10;
    %load/vec4 v0x7ff118c008a0_0;
    %pad/u 32;
    %cmpi/e 512, 0, 32;
    %jmp/0xz  T_15.6, 4;
    %pushi/vec4 1, 0, 1;
    %store/vec4 v0x7ff118c01110_0, 0, 1;
    %jmp T_15.7;
T_15.6 ;
    %pushi/vec4 0, 0, 1;
    %store/vec4 v0x7ff118c01110_0, 0, 1;
T_15.7 ;
    %jmp T_15.5;
T_15.4 ;
    %pushi/vec4 0, 0, 10;
    %store/vec4 v0x7ff118c008a0_0, 0, 10;
    %pushi/vec4 0, 0, 1;
    %store/vec4 v0x7ff118c01110_0, 0, 1;
T_15.5 ;
    %load/vec4 v0x7ff118c009b0_0;
    %pad/u 32;
    %cmpi/e 6, 0, 32;
    %jmp/0xz  T_15.8, 4;
    %load/vec4 v0x7ff118c00390_0;
    %addi 1, 0, 9;
    %store/vec4 v0x7ff118c00390_0, 0, 9;
    %load/vec4 v0x7ff118c00390_0;
    %pad/u 32;
    %cmpi/e 288, 0, 32;
    %jmp/0xz  T_15.10, 4;
    %pushi/vec4 1, 0, 1;
    %store/vec4 v0x7ff118c01080_0, 0, 1;
    %jmp T_15.11;
T_15.10 ;
    %pushi/vec4 0, 0, 1;
    %store/vec4 v0x7ff118c01080_0, 0, 1;
T_15.11 ;
    %jmp T_15.9;
T_15.8 ;
    %pushi/vec4 0, 0, 9;
    %store/vec4 v0x7ff118c00390_0, 0, 9;
    %pushi/vec4 0, 0, 1;
    %store/vec4 v0x7ff118c01080_0, 0, 1;
T_15.9 ;
    %load/vec4 v0x7ff118c009b0_0;
    %pad/u 32;
    %cmpi/e 7, 0, 32;
    %jmp/0xz  T_15.12, 4;
    %load/vec4 v0x7ff118c00750_0;
    %addi 1, 0, 6;
    %store/vec4 v0x7ff118c00750_0, 0, 6;
    %load/vec4 v0x7ff118c00750_0;
    %pad/u 32;
    %cmpi/e 40, 0, 32;
    %jmp/0xz  T_15.14, 4;
    %pushi/vec4 1, 0, 1;
    %store/vec4 v0x7ff118c00ff0_0, 0, 1;
    %jmp T_15.15;
T_15.14 ;
    %pushi/vec4 0, 0, 1;
    %store/vec4 v0x7ff118c00ff0_0, 0, 1;
T_15.15 ;
    %jmp T_15.13;
T_15.12 ;
    %pushi/vec4 0, 0, 6;
    %store/vec4 v0x7ff118c00750_0, 0, 6;
    %pushi/vec4 0, 0, 1;
    %store/vec4 v0x7ff118c00ff0_0, 0, 1;
T_15.13 ;
    %jmp T_15;
    .thread T_15;
    .scope S_0x7ff11a812ee0;
T_16 ;
    %wait E_0x7ff11a802a10;
    %load/vec4 v0x7ff118c009b0_0;
    %assign/vec4 v0x7ff118c00a60_0, 0;
    %jmp T_16;
    .thread T_16;
    .scope S_0x7ff11a812ee0;
T_17 ;
    %wait E_0x7ff11a802290;
    %pushi/vec4 0, 0, 1;
    %store/vec4 v0x7ff118c011a0_0, 0, 1;
    %pushi/vec4 0, 0, 3;
    %store/vec4 v0x7ff118c009b0_0, 0, 3;
    %load/vec4 v0x7ff118c00a60_0;
    %dup/vec4;
    %pushi/vec4 0, 0, 3;
    %cmp/u;
    %jmp/1 T_17.0, 6;
    %dup/vec4;
    %pushi/vec4 1, 0, 3;
    %cmp/u;
    %jmp/1 T_17.1, 6;
    %dup/vec4;
    %pushi/vec4 2, 0, 3;
    %cmp/u;
    %jmp/1 T_17.2, 6;
    %dup/vec4;
    %pushi/vec4 3, 0, 3;
    %cmp/u;
    %jmp/1 T_17.3, 6;
    %dup/vec4;
    %pushi/vec4 4, 0, 3;
    %cmp/u;
    %jmp/1 T_17.4, 6;
    %dup/vec4;
    %pushi/vec4 5, 0, 3;
    %cmp/u;
    %jmp/1 T_17.5, 6;
    %dup/vec4;
    %pushi/vec4 6, 0, 3;
    %cmp/u;
    %jmp/1 T_17.6, 6;
    %dup/vec4;
    %pushi/vec4 7, 0, 3;
    %cmp/u;
    %jmp/1 T_17.7, 6;
    %jmp T_17.8;
T_17.0 ;
    %load/vec4 v0x7ff118c00c70_0;
    %cmpi/e 0, 0, 1;
    %jmp/0xz  T_17.9, 4;
    %pushi/vec4 1, 0, 3;
    %store/vec4 v0x7ff118c009b0_0, 0, 3;
    %jmp T_17.10;
T_17.9 ;
    %pushi/vec4 0, 0, 3;
    %store/vec4 v0x7ff118c009b0_0, 0, 3;
T_17.10 ;
    %jmp T_17.8;
T_17.1 ;
    %load/vec4 v0x7ff118c00c70_0;
    %cmpi/e 1, 0, 1;
    %jmp/0xz  T_17.11, 4;
    %pushi/vec4 2, 0, 3;
    %store/vec4 v0x7ff118c009b0_0, 0, 3;
    %jmp T_17.12;
T_17.11 ;
    %pushi/vec4 1, 0, 3;
    %store/vec4 v0x7ff118c009b0_0, 0, 3;
T_17.12 ;
    %jmp T_17.8;
T_17.2 ;
    %load/vec4 v0x7ff118c005c0_0;
    %pad/u 32;
    %pushi/vec4 0, 0, 32;
    %cmp/e;
    %flag_get/vec4 4;
    %load/vec4 v0x7ff118c00800_0;
    %pad/u 32;
    %pushi/vec4 1, 0, 32;
    %cmp/e;
    %flag_get/vec4 4;
    %and;
    %flag_set/vec4 8;
    %jmp/0xz  T_17.13, 8;
    %load/vec4 v0x7ff118c00d10_0;
    %addi 1, 0, 5;
    %store/vec4 v0x7ff118c00d10_0, 0, 5;
    %jmp T_17.14;
T_17.13 ;
    %load/vec4 v0x7ff118c00d10_0;
    %store/vec4 v0x7ff118c00d10_0, 0, 5;
T_17.14 ;
    %load/vec4 v0x7ff118c00d10_0;
    %pad/u 32;
    %cmpi/e 24, 0, 32;
    %jmp/0xz  T_17.15, 4;
    %pushi/vec4 3, 0, 3;
    %store/vec4 v0x7ff118c009b0_0, 0, 3;
    %pushi/vec4 0, 0, 5;
    %store/vec4 v0x7ff118c00d10_0, 0, 5;
    %jmp T_17.16;
T_17.15 ;
    %pushi/vec4 2, 0, 3;
    %store/vec4 v0x7ff118c009b0_0, 0, 3;
T_17.16 ;
    %jmp T_17.8;
T_17.3 ;
    %load/vec4 v0x7ff118c00800_0;
    %pad/u 32;
    %pushi/vec4 0, 0, 32;
    %cmp/e;
    %flag_get/vec4 4;
    %load/vec4 v0x7ff118c005c0_0;
    %pad/u 32;
    %pushi/vec4 1, 0, 32;
    %cmp/e;
    %flag_get/vec4 4;
    %and;
    %flag_set/vec4 8;
    %jmp/0xz  T_17.17, 8;
    %pushi/vec4 4, 0, 3;
    %store/vec4 v0x7ff118c009b0_0, 0, 3;
    %jmp T_17.18;
T_17.17 ;
    %pushi/vec4 3, 0, 3;
    %store/vec4 v0x7ff118c009b0_0, 0, 3;
T_17.18 ;
    %jmp T_17.8;
T_17.4 ;
    %load/vec4 v0x7ff118c00e60_0;
    %flag_set/vec4 8;
    %jmp/0xz  T_17.19, 8;
    %pushi/vec4 5, 0, 3;
    %store/vec4 v0x7ff118c009b0_0, 0, 3;
    %jmp T_17.20;
T_17.19 ;
    %pushi/vec4 4, 0, 3;
    %store/vec4 v0x7ff118c009b0_0, 0, 3;
T_17.20 ;
    %jmp T_17.8;
T_17.5 ;
    %pushi/vec4 1, 0, 1;
    %store/vec4 v0x7ff118c011a0_0, 0, 1;
    %load/vec4 v0x7ff118c01110_0;
    %flag_set/vec4 8;
    %jmp/0xz  T_17.21, 8;
    %pushi/vec4 6, 0, 3;
    %store/vec4 v0x7ff118c009b0_0, 0, 3;
    %jmp T_17.22;
T_17.21 ;
    %pushi/vec4 5, 0, 3;
    %store/vec4 v0x7ff118c009b0_0, 0, 3;
T_17.22 ;
    %jmp T_17.8;
T_17.6 ;
    %load/vec4 v0x7ff118c01080_0;
    %flag_set/vec4 8;
    %jmp/0xz  T_17.23, 8;
    %pushi/vec4 7, 0, 3;
    %store/vec4 v0x7ff118c009b0_0, 0, 3;
    %jmp T_17.24;
T_17.23 ;
    %pushi/vec4 6, 0, 3;
    %store/vec4 v0x7ff118c009b0_0, 0, 3;
T_17.24 ;
    %jmp T_17.8;
T_17.7 ;
    %load/vec4 v0x7ff118c00ff0_0;
    %flag_set/vec4 8;
    %jmp/0xz  T_17.25, 8;
    %pushi/vec4 3, 0, 3;
    %store/vec4 v0x7ff118c009b0_0, 0, 3;
    %jmp T_17.26;
T_17.25 ;
    %pushi/vec4 7, 0, 3;
    %store/vec4 v0x7ff118c009b0_0, 0, 3;
T_17.26 ;
    %jmp T_17.8;
T_17.8 ;
    %pop/vec4 1;
    %jmp T_17;
    .thread T_17, $push;
    .scope S_0x7ff11a800160;
T_18 ;
    %pushi/vec4 0, 0, 1;
    %store/vec4 v0x7ff118c04330_0, 0, 1;
    %end;
    .thread T_18;
    .scope S_0x7ff11a800160;
T_19 ;
    %pushi/vec4 0, 0, 32;
    %store/vec4 v0x7ff118c051c0_0, 0, 32;
    %end;
    .thread T_19;
    .scope S_0x7ff11a800160;
T_20 ;
    %pushi/vec4 0, 0, 32;
    %store/vec4 v0x7ff118c04e80_0, 0, 32;
    %end;
    .thread T_20;
    .scope S_0x7ff11a800160;
T_21 ;
    %pushi/vec4 0, 0, 32;
    %store/vec4 v0x7ff118c04fd0_0, 0, 32;
    %end;
    .thread T_21;
    .scope S_0x7ff11a800160;
T_22 ;
    %pushi/vec4 0, 0, 11;
    %store/vec4 v0x7ff118c04470_0, 0, 11;
    %end;
    .thread T_22;
    .scope S_0x7ff11a800160;
T_23 ;
    %pushi/vec4 0, 0, 10;
    %store/vec4 v0x7ff118c04500_0, 0, 10;
    %end;
    .thread T_23;
    .scope S_0x7ff11a800160;
T_24 ;
    %wait E_0x7ff11a802a10;
    %load/vec4 v0x7ff118c04590_0;
    %flag_set/vec4 8;
    %jmp/0xz  T_24.0, 8;
    %load/vec4 v0x7ff118c04470_0;
    %pad/u 35;
    %cmpi/u 1056, 0, 35;
    %jmp/0xz  T_24.2, 5;
    %load/vec4 v0x7ff118c04470_0;
    %addi 1, 0, 11;
    %assign/vec4 v0x7ff118c04470_0, 0;
    %pushi/vec4 0, 0, 1;
    %assign/vec4 v0x7ff118c04be0_0, 0;
    %jmp T_24.3;
T_24.2 ;
    %pushi/vec4 0, 0, 11;
    %assign/vec4 v0x7ff118c04470_0, 0;
    %pushi/vec4 1, 0, 1;
    %assign/vec4 v0x7ff118c04be0_0, 0;
T_24.3 ;
T_24.0 ;
    %jmp T_24;
    .thread T_24;
    .scope S_0x7ff11a800160;
T_25 ;
    %wait E_0x7ff11a802a10;
    %load/vec4 v0x7ff118c04be0_0;
    %flag_set/vec4 8;
    %jmp/0xz  T_25.0, 8;
    %load/vec4 v0x7ff118c04500_0;
    %pad/u 35;
    %cmpi/u 628, 0, 35;
    %jmp/0xz  T_25.2, 5;
    %load/vec4 v0x7ff118c04500_0;
    %addi 1, 0, 10;
    %assign/vec4 v0x7ff118c04500_0, 0;
    %jmp T_25.3;
T_25.2 ;
    %pushi/vec4 0, 0, 10;
    %assign/vec4 v0x7ff118c04500_0, 0;
T_25.3 ;
T_25.0 ;
    %jmp T_25;
    .thread T_25;
    .scope S_0x7ff11a800160;
T_26 ;
    %delay 5000, 0;
    %load/vec4 v0x7ff118c04330_0;
    %pad/u 2;
    %addi 1, 0, 2;
    %pad/u 1;
    %assign/vec4 v0x7ff118c04330_0, 0;
    %jmp T_26;
    .thread T_26;
    .scope S_0x7ff11a800160;
T_27 ;
    %wait E_0x7ff11a802a10;
    %load/vec4 v0x7ff118c043e0_0;
    %flag_set/vec4 8;
    %jmp/0xz  T_27.0, 8;
    %pushi/vec4 0, 0, 32;
    %assign/vec4 v0x7ff118c051c0_0, 0;
    %jmp T_27.1;
T_27.0 ;
    %load/vec4 v0x7ff118c04c80_0;
    %flag_set/vec4 8;
    %jmp/0xz  T_27.2, 8;
    %load/vec4 v0x7ff118c051c0_0;
    %addi 1, 0, 32;
    %assign/vec4 v0x7ff118c051c0_0, 0;
    %jmp T_27.3;
T_27.2 ;
    %load/vec4 v0x7ff118c051c0_0;
    %assign/vec4 v0x7ff118c051c0_0, 0;
T_27.3 ;
T_27.1 ;
    %jmp T_27;
    .thread T_27;
    .scope S_0x7ff11a800160;
T_28 ;
    %pushi/vec4 0, 0, 3;
    %store/vec4 v0x7ff118c01960_0, 0, 3;
    %end;
    .thread T_28;
    .scope S_0x7ff11a800160;
T_29 ;
    %wait E_0x7ff11a802a10;
    %load/vec4 v0x7ff118c018c0_0;
    %assign/vec4 v0x7ff118c01960_0, 0;
    %jmp T_29;
    .thread T_29;
    .scope S_0x7ff11a800160;
T_30 ;
    %wait E_0x7ff11a80f660;
    %pushi/vec4 0, 0, 1;
    %store/vec4 v0x7ff118c046b0_0, 0, 1;
    %pushi/vec4 0, 0, 1;
    %store/vec4 v0x7ff118c04590_0, 0, 1;
    %pushi/vec4 0, 0, 1;
    %store/vec4 v0x7ff118c043e0_0, 0, 1;
    %pushi/vec4 0, 0, 1;
    %store/vec4 v0x7ff118c04c80_0, 0, 1;
    %load/vec4 v0x7ff118c04fd0_0;
    %store/vec4 v0x7ff118c05070_0, 0, 32;
    %load/vec4 v0x7ff118c04740_0;
    %store/vec4 v0x7ff118c047e0_0, 0, 32;
    %load/vec4 v0x7ff118c04930_0;
    %store/vec4 v0x7ff118c049e0_0, 0, 32;
    %load/vec4 v0x7ff118c01960_0;
    %dup/vec4;
    %pushi/vec4 0, 0, 3;
    %cmp/u;
    %jmp/1 T_30.0, 6;
    %dup/vec4;
    %pushi/vec4 1, 0, 3;
    %cmp/u;
    %jmp/1 T_30.1, 6;
    %dup/vec4;
    %pushi/vec4 2, 0, 3;
    %cmp/u;
    %jmp/1 T_30.2, 6;
    %dup/vec4;
    %pushi/vec4 3, 0, 3;
    %cmp/u;
    %jmp/1 T_30.3, 6;
    %dup/vec4;
    %pushi/vec4 4, 0, 3;
    %cmp/u;
    %jmp/1 T_30.4, 6;
    %jmp T_30.5;
T_30.0 ;
    %pushi/vec4 1, 0, 1;
    %store/vec4 v0x7ff118c043e0_0, 0, 1;
    %pushi/vec4 1, 0, 3;
    %store/vec4 v0x7ff118c018c0_0, 0, 3;
    %jmp T_30.5;
T_30.1 ;
    %vpi_func 2 220 "$fopen" 32, "lena512.bmp", "rb" {0 0 0};
    %store/vec4 v0x7ff118c047e0_0, 0, 32;
    %vpi_func 2 223 "$fopen" 32, "lena512_out2.bmp", "wb" {0 0 0};
    %store/vec4 v0x7ff118c049e0_0, 0, 32;
    %load/vec4 v0x7ff118c047e0_0;
    %cmpi/e 0, 0, 32;
    %flag_mov 8, 4;
    %load/vec4 v0x7ff118c049e0_0;
    %cmpi/e 0, 0, 32;
    %flag_or 4, 8;
    %jmp/0xz  T_30.6, 4;
    %vpi_call 2 227 "$display", "Error! Unable to open the read and/or write file." {0 0 0};
    %pushi/vec4 4, 0, 3;
    %store/vec4 v0x7ff118c018c0_0, 0, 3;
    %jmp T_30.7;
T_30.6 ;
    %pushi/vec4 2, 0, 3;
    %store/vec4 v0x7ff118c018c0_0, 0, 3;
T_30.7 ;
    %jmp T_30.5;
T_30.2 ;
    %pushi/vec4 1, 0, 1;
    %store/vec4 v0x7ff118c046b0_0, 0, 1;
    %load/vec4 v0x7ff118c04890_0;
    %flag_set/vec4 8;
    %jmp/0xz  T_30.8, 8;
    %pushi/vec4 1, 0, 1;
    %store/vec4 v0x7ff118c04c80_0, 0, 1;
    %load/vec4 v0x7ff118c051c0_0;
    %dup/vec4;
    %pushi/vec4 10, 0, 32;
    %cmp/u;
    %jmp/1 T_30.10, 6;
    %dup/vec4;
    %pushi/vec4 11, 0, 32;
    %cmp/u;
    %jmp/1 T_30.11, 6;
    %dup/vec4;
    %pushi/vec4 12, 0, 32;
    %cmp/u;
    %jmp/1 T_30.12, 6;
    %dup/vec4;
    %pushi/vec4 13, 0, 32;
    %cmp/u;
    %jmp/1 T_30.13, 6;
    %jmp T_30.14;
T_30.10 ;
    %load/vec4 v0x7ff118c04b30_0;
    %ix/load 4, 0, 0;
    %flag_set/imm 4, 0;
    %store/vec4 v0x7ff118c05070_0, 4, 8;
    %jmp T_30.14;
T_30.11 ;
    %load/vec4 v0x7ff118c04b30_0;
    %ix/load 4, 8, 0;
    %flag_set/imm 4, 0;
    %store/vec4 v0x7ff118c05070_0, 4, 8;
    %jmp T_30.14;
T_30.12 ;
    %load/vec4 v0x7ff118c04b30_0;
    %ix/load 4, 16, 0;
    %flag_set/imm 4, 0;
    %store/vec4 v0x7ff118c05070_0, 4, 8;
    %jmp T_30.14;
T_30.13 ;
    %load/vec4 v0x7ff118c04b30_0;
    %ix/load 4, 24, 0;
    %flag_set/imm 4, 0;
    %store/vec4 v0x7ff118c05070_0, 4, 8;
    %jmp T_30.14;
T_30.14 ;
    %pop/vec4 1;
    %vpi_call 2 249 "$fwrite", v0x7ff118c04930_0, "%c", v0x7ff118c04b30_0 {0 0 0};
T_30.8 ;
    %load/vec4 v0x7ff118c051c0_0;
    %load/vec4 v0x7ff118c04fd0_0;
    %subi 1, 0, 32;
    %cmp/u;
    %jmp/0xz  T_30.15, 5;
    %pushi/vec4 2, 0, 3;
    %store/vec4 v0x7ff118c018c0_0, 0, 3;
    %jmp T_30.16;
T_30.15 ;
    %pushi/vec4 3, 0, 3;
    %store/vec4 v0x7ff118c018c0_0, 0, 3;
T_30.16 ;
    %jmp T_30.5;
T_30.3 ;
    %pushi/vec4 1, 0, 1;
    %store/vec4 v0x7ff118c04590_0, 0, 1;
    %load/vec4 v0x7ff118c04620_0;
    %flag_set/vec4 8;
    %jmp/0xz  T_30.17, 8;
    %pushi/vec4 4, 0, 3;
    %store/vec4 v0x7ff118c018c0_0, 0, 3;
    %jmp T_30.18;
T_30.17 ;
    %pushi/vec4 3, 0, 3;
    %store/vec4 v0x7ff118c018c0_0, 0, 3;
T_30.18 ;
    %jmp T_30.5;
T_30.4 ;
    %pushi/vec4 4, 0, 3;
    %store/vec4 v0x7ff118c018c0_0, 0, 3;
    %pushi/vec4 1, 0, 1;
    %store/vec4 v0x7ff118c04590_0, 0, 1;
    %vpi_call 2 268 "$display", "End of state machine" {0 0 0};
    %jmp T_30.5;
T_30.5 ;
    %pop/vec4 1;
    %jmp T_30;
    .thread T_30, $push;
    .scope S_0x7ff11a800160;
T_31 ;
    %wait E_0x7ff11a802a10;
    %load/vec4 v0x7ff118c05070_0;
    %assign/vec4 v0x7ff118c04fd0_0, 0;
    %load/vec4 v0x7ff118c047e0_0;
    %assign/vec4 v0x7ff118c04740_0, 0;
    %load/vec4 v0x7ff118c049e0_0;
    %assign/vec4 v0x7ff118c04930_0, 0;
    %jmp T_31;
    .thread T_31;
    .scope S_0x7ff11a800160;
T_32 ;
    %vpi_call 2 286 "$dumpfile", "hw5.vcd" {0 0 0};
    %vpi_call 2 287 "$dumpvars", 32'sb00000000000000000000000000000000, S_0x7ff11a800160 {0 0 0};
    %pushi/vec4 0, 0, 1;
    %store/vec4 v0x7ff118c04620_0, 0, 1;
    %pushi/vec4 0, 0, 8;
    %assign/vec4 v0x7ff118c04b30_0, 0;
    %pushi/vec4 0, 0, 1;
    %assign/vec4 v0x7ff118c04890_0, 0;
    %delay 30000, 0;
T_32.0 ;
    %vpi_func 2 299 "$feof" 32, v0x7ff118c04740_0 {0 0 0};
    %nor/r;
    %flag_set/vec4 8;
    %jmp/0xz T_32.1, 8;
    %wait E_0x7ff11a802a10;
    %load/vec4 v0x7ff118c046b0_0;
    %flag_set/vec4 8;
    %load/vec4 v0x7ff118c04a90_0;
    %flag_set/vec4 9;
    %flag_or 9, 8;
    %jmp/0xz  T_32.2, 9;
    %vpi_func 2 303 "$fgetc" 32, v0x7ff118c04740_0 {0 0 0};
    %pad/u 8;
    %assign/vec4 v0x7ff118c04b30_0, 0;
    %pushi/vec4 1, 0, 1;
    %assign/vec4 v0x7ff118c04890_0, 0;
    %jmp T_32.3;
T_32.2 ;
    %pushi/vec4 0, 0, 1;
    %assign/vec4 v0x7ff118c04890_0, 0;
T_32.3 ;
    %jmp T_32.0;
T_32.1 ;
    %pushi/vec4 0, 0, 1;
    %assign/vec4 v0x7ff118c04890_0, 0;
    %pushi/vec4 0, 0, 8;
    %assign/vec4 v0x7ff118c04b30_0, 0;
    %pushi/vec4 1, 0, 1;
    %store/vec4 v0x7ff118c04620_0, 0, 1;
    %vpi_call 2 318 "$fclose", v0x7ff118c04740_0 {0 0 0};
    %end;
    .thread T_32;
    .scope S_0x7ff11a800160;
T_33 ;
    %wait E_0x7ff11a802a10;
    %load/vec4 v0x7ff118c04f20_0;
    %flag_set/vec4 8;
    %jmp/0xz  T_33.0, 8;
    %load/vec4 v0x7ff118c04e80_0;
    %addi 1, 0, 32;
    %assign/vec4 v0x7ff118c04e80_0, 0;
T_33.0 ;
    %jmp T_33;
    .thread T_33;
    .scope S_0x7ff11a800160;
T_34 ;
    %wait E_0x7ff11a802a10;
    %load/vec4 v0x7ff118c04e80_0;
    %cmpi/e 262144, 0, 32;
    %jmp/0xz  T_34.0, 4;
    %vpi_call 2 332 "$display", "Done writing file. Stopping Test." {0 0 0};
    %vpi_call 2 333 "$fclose", v0x7ff118c04930_0 {0 0 0};
    %vpi_call 2 334 "$stop" {0 0 0};
    %jmp T_34.1;
T_34.0 ;
    %load/vec4 v0x7ff118c04f20_0;
    %flag_set/vec4 8;
    %jmp/0xz  T_34.2, 8;
    %vpi_call 2 337 "$fwrite", v0x7ff118c04930_0, "%c", v0x7ff118c04dc0_0 {0 0 0};
T_34.2 ;
T_34.1 ;
    %jmp T_34;
    .thread T_34;
# The file index is used to find the file name in the following table.
:file_names 4;
    "N/A";
    "<interactive>";
    "hw5_tb.v";
    "hw5_top.v";
